                              1 ;--------------------------------------------------------
                              2 ; File Created by SDCC : free open source ANSI-C Compiler
                              3 ; Version 3.5.5 #9498 (Mac OS X x86_64)
                              4 ;--------------------------------------------------------
                              5 	.module border
                              6 	.optsdcc -mz80
                              7 	
                              8 ;--------------------------------------------------------
                              9 ; Public variables in this module
                             10 ;--------------------------------------------------------
                             11 	.globl _g_tile_border_7
                             12 	.globl _g_tile_border_6
                             13 	.globl _g_tile_border_5
                             14 	.globl _g_tile_border_4
                             15 	.globl _g_tile_border_3
                             16 	.globl _g_tile_border_2
                             17 	.globl _g_tile_border_1
                             18 	.globl _g_tile_border_0
                             19 ;--------------------------------------------------------
                             20 ; special function registers
                             21 ;--------------------------------------------------------
                             22 ;--------------------------------------------------------
                             23 ; ram data
                             24 ;--------------------------------------------------------
                             25 	.area _DATA
                             26 ;--------------------------------------------------------
                             27 ; ram data
                             28 ;--------------------------------------------------------
                             29 	.area _INITIALIZED
                             30 ;--------------------------------------------------------
                             31 ; absolute external ram data
                             32 ;--------------------------------------------------------
                             33 	.area _DABS (ABS)
                             34 ;--------------------------------------------------------
                             35 ; global & static initialisations
                             36 ;--------------------------------------------------------
                             37 	.area _HOME
                             38 	.area _GSINIT
                             39 	.area _GSFINAL
                             40 	.area _GSINIT
                             41 ;--------------------------------------------------------
                             42 ; Home
                             43 ;--------------------------------------------------------
                             44 	.area _HOME
                             45 	.area _HOME
                             46 ;--------------------------------------------------------
                             47 ; code
                             48 ;--------------------------------------------------------
                             49 	.area _CODE
                             50 	.area _CODE
   0000                      51 _g_tile_border_0:
   0000 A4                   52 	.db #0xA4	; 164
   0001 1C                   53 	.db #0x1C	; 28
   0002 58                   54 	.db #0x58	; 88	'X'
   0003 3C                   55 	.db #0x3C	; 60
   0004 1C                   56 	.db #0x1C	; 28
   0005 B4                   57 	.db #0xB4	; 180
   0006 1C                   58 	.db #0x1C	; 28
   0007 78                   59 	.db #0x78	; 120	'x'
   0008                      60 _g_tile_border_1:
   0008 3C                   61 	.db #0x3C	; 60
   0009 78                   62 	.db #0x78	; 120	'x'
   000A 3C                   63 	.db #0x3C	; 60
   000B B4                   64 	.db #0xB4	; 180
   000C 78                   65 	.db #0x78	; 120	'x'
   000D 3C                   66 	.db #0x3C	; 60
   000E B4                   67 	.db #0xB4	; 180
   000F 3C                   68 	.db #0x3C	; 60
   0010                      69 _g_tile_border_2:
   0010 3C                   70 	.db #0x3C	; 60
   0011 78                   71 	.db #0x78	; 120	'x'
   0012 3C                   72 	.db #0x3C	; 60
   0013 B4                   73 	.db #0xB4	; 180
   0014 78                   74 	.db #0x78	; 120	'x'
   0015 3C                   75 	.db #0x3C	; 60
   0016 B4                   76 	.db #0xB4	; 180
   0017 3C                   77 	.db #0x3C	; 60
   0018                      78 _g_tile_border_3:
   0018 B4                   79 	.db #0xB4	; 180
   0019 2C                   80 	.db #0x2C	; 44
   001A 78                   81 	.db #0x78	; 120	'x'
   001B 2C                   82 	.db #0x2C	; 44
   001C 3C                   83 	.db #0x3C	; 60
   001D A4                   84 	.db #0xA4	; 164
   001E 2C                   85 	.db #0x2C	; 44
   001F 58                   86 	.db #0x58	; 88	'X'
   0020                      87 _g_tile_border_4:
   0020 3C                   88 	.db #0x3C	; 60
   0021 3C                   89 	.db #0x3C	; 60
   0022 3C                   90 	.db #0x3C	; 60
   0023 3C                   91 	.db #0x3C	; 60
   0024 00                   92 	.db #0x00	; 0
   0025 00                   93 	.db #0x00	; 0
   0026 F0                   94 	.db #0xF0	; 240
   0027 F0                   95 	.db #0xF0	; 240
   0028                      96 _g_tile_border_5:
   0028 3C                   97 	.db #0x3C	; 60
   0029 50                   98 	.db #0x50	; 80	'P'
   002A 3C                   99 	.db #0x3C	; 60
   002B 50                  100 	.db #0x50	; 80	'P'
   002C 3C                  101 	.db #0x3C	; 60
   002D 50                  102 	.db #0x50	; 80	'P'
   002E 3C                  103 	.db #0x3C	; 60
   002F 50                  104 	.db #0x50	; 80	'P'
   0030                     105 _g_tile_border_6:
   0030 A0                  106 	.db #0xA0	; 160
   0031 3C                  107 	.db #0x3C	; 60
   0032 A0                  108 	.db #0xA0	; 160
   0033 3C                  109 	.db #0x3C	; 60
   0034 A0                  110 	.db #0xA0	; 160
   0035 3C                  111 	.db #0x3C	; 60
   0036 A0                  112 	.db #0xA0	; 160
   0037 3C                  113 	.db #0x3C	; 60
   0038                     114 _g_tile_border_7:
   0038 F0                  115 	.db #0xF0	; 240
   0039 F0                  116 	.db #0xF0	; 240
   003A 00                  117 	.db #0x00	; 0
   003B 00                  118 	.db #0x00	; 0
   003C 3C                  119 	.db #0x3C	; 60
   003D 3C                  120 	.db #0x3C	; 60
   003E 3C                  121 	.db #0x3C	; 60
   003F 3C                  122 	.db #0x3C	; 60
                            123 	.area _INITIALIZER
                            124 	.area _CABS (ABS)
