                              1 ;--------------------------------------------------------
                              2 ; File Created by SDCC : free open source ANSI-C Compiler
                              3 ; Version 3.5.5 #9498 (Mac OS X x86_64)
                              4 ;--------------------------------------------------------
                              5 	.module fonts_big
                              6 	.optsdcc -mz80
                              7 	
                              8 ;--------------------------------------------------------
                              9 ; Public variables in this module
                             10 ;--------------------------------------------------------
                             11 	.globl _g_font_big
                             12 ;--------------------------------------------------------
                             13 ; special function registers
                             14 ;--------------------------------------------------------
                             15 ;--------------------------------------------------------
                             16 ; ram data
                             17 ;--------------------------------------------------------
                             18 	.area _DATA
                             19 ;--------------------------------------------------------
                             20 ; ram data
                             21 ;--------------------------------------------------------
                             22 	.area _INITIALIZED
                             23 ;--------------------------------------------------------
                             24 ; absolute external ram data
                             25 ;--------------------------------------------------------
                             26 	.area _DABS (ABS)
                             27 ;--------------------------------------------------------
                             28 ; global & static initialisations
                             29 ;--------------------------------------------------------
                             30 	.area _HOME
                             31 	.area _GSINIT
                             32 	.area _GSFINAL
                             33 	.area _GSINIT
                             34 ;--------------------------------------------------------
                             35 ; Home
                             36 ;--------------------------------------------------------
                             37 	.area _HOME
                             38 	.area _HOME
                             39 ;--------------------------------------------------------
                             40 ; code
                             41 ;--------------------------------------------------------
                             42 	.area _CODE
                             43 	.area _CODE
   0000                      44 _g_font_big:
   0000 B4                   45 	.db #0xB4	; 180
   0001 3C                   46 	.db #0x3C	; 60
   0002 F0                   47 	.db #0xF0	; 240
   0003 3C                   48 	.db #0x3C	; 60
   0004 3C                   49 	.db #0x3C	; 60
   0005 78                   50 	.db #0x78	; 120	'x'
   0006 78                   51 	.db #0x78	; 120	'x'
   0007 F0                   52 	.db #0xF0	; 240
   0008 78                   53 	.db #0x78	; 120	'x'
   0009 78                   54 	.db #0x78	; 120	'x'
   000A 78                   55 	.db #0x78	; 120	'x'
   000B 78                   56 	.db #0x78	; 120	'x'
   000C 78                   57 	.db #0x78	; 120	'x'
   000D 3C                   58 	.db #0x3C	; 60
   000E 78                   59 	.db #0x78	; 120	'x'
   000F 58                   60 	.db #0x58	; 88	'X'
   0010 0C                   61 	.db #0x0C	; 12
   0011 58                   62 	.db #0x58	; 88	'X'
   0012 58                   63 	.db #0x58	; 88	'X'
   0013 58                   64 	.db #0x58	; 88	'X'
   0014 F0                   65 	.db #0xF0	; 240
   0015 58                   66 	.db #0x58	; 88	'X'
   0016 F0                   67 	.db #0xF0	; 240
   0017 58                   68 	.db #0x58	; 88	'X'
   0018 58                   69 	.db #0x58	; 88	'X'
   0019 F0                   70 	.db #0xF0	; 240
   001A 58                   71 	.db #0x58	; 88	'X'
   001B A4                   72 	.db #0xA4	; 164
   001C 0C                   73 	.db #0x0C	; 12
   001D F0                   74 	.db #0xF0	; 240
   001E A4                   75 	.db #0xA4	; 164
   001F 0C                   76 	.db #0x0C	; 12
   0020 F0                   77 	.db #0xF0	; 240
   0021 B4                   78 	.db #0xB4	; 180
   0022 3C                   79 	.db #0x3C	; 60
   0023 F0                   80 	.db #0xF0	; 240
   0024 3C                   81 	.db #0x3C	; 60
   0025 3C                   82 	.db #0x3C	; 60
   0026 78                   83 	.db #0x78	; 120	'x'
   0027 78                   84 	.db #0x78	; 120	'x'
   0028 F0                   85 	.db #0xF0	; 240
   0029 78                   86 	.db #0x78	; 120	'x'
   002A 78                   87 	.db #0x78	; 120	'x'
   002B F0                   88 	.db #0xF0	; 240
   002C 78                   89 	.db #0x78	; 120	'x'
   002D 3C                   90 	.db #0x3C	; 60
   002E 3C                   91 	.db #0x3C	; 60
   002F 78                   92 	.db #0x78	; 120	'x'
   0030 0C                   93 	.db #0x0C	; 12
   0031 0C                   94 	.db #0x0C	; 12
   0032 58                   95 	.db #0x58	; 88	'X'
   0033 58                   96 	.db #0x58	; 88	'X'
   0034 F0                   97 	.db #0xF0	; 240
   0035 58                   98 	.db #0x58	; 88	'X'
   0036 58                   99 	.db #0x58	; 88	'X'
   0037 F0                  100 	.db #0xF0	; 240
   0038 58                  101 	.db #0x58	; 88	'X'
   0039 58                  102 	.db #0x58	; 88	'X'
   003A F0                  103 	.db #0xF0	; 240
   003B 58                  104 	.db #0x58	; 88	'X'
   003C 58                  105 	.db #0x58	; 88	'X'
   003D F0                  106 	.db #0xF0	; 240
   003E 58                  107 	.db #0x58	; 88	'X'
   003F 58                  108 	.db #0x58	; 88	'X'
   0040 F0                  109 	.db #0xF0	; 240
   0041 58                  110 	.db #0x58	; 88	'X'
   0042 3C                  111 	.db #0x3C	; 60
   0043 3C                  112 	.db #0x3C	; 60
   0044 F0                  113 	.db #0xF0	; 240
   0045 3C                  114 	.db #0x3C	; 60
   0046 3C                  115 	.db #0x3C	; 60
   0047 78                  116 	.db #0x78	; 120	'x'
   0048 78                  117 	.db #0x78	; 120	'x'
   0049 F0                  118 	.db #0xF0	; 240
   004A 78                  119 	.db #0x78	; 120	'x'
   004B 78                  120 	.db #0x78	; 120	'x'
   004C F0                  121 	.db #0xF0	; 240
   004D 78                  122 	.db #0x78	; 120	'x'
   004E 3C                  123 	.db #0x3C	; 60
   004F 3C                  124 	.db #0x3C	; 60
   0050 F0                  125 	.db #0xF0	; 240
   0051 0C                  126 	.db #0x0C	; 12
   0052 0C                  127 	.db #0x0C	; 12
   0053 58                  128 	.db #0x58	; 88	'X'
   0054 58                  129 	.db #0x58	; 88	'X'
   0055 F0                  130 	.db #0xF0	; 240
   0056 58                  131 	.db #0x58	; 88	'X'
   0057 58                  132 	.db #0x58	; 88	'X'
   0058 F0                  133 	.db #0xF0	; 240
   0059 58                  134 	.db #0x58	; 88	'X'
   005A 58                  135 	.db #0x58	; 88	'X'
   005B F0                  136 	.db #0xF0	; 240
   005C 58                  137 	.db #0x58	; 88	'X'
   005D 0C                  138 	.db #0x0C	; 12
   005E 0C                  139 	.db #0x0C	; 12
   005F F0                  140 	.db #0xF0	; 240
   0060 0C                  141 	.db #0x0C	; 12
   0061 0C                  142 	.db #0x0C	; 12
   0062 F0                  143 	.db #0xF0	; 240
   0063 B4                  144 	.db #0xB4	; 180
   0064 3C                  145 	.db #0x3C	; 60
   0065 F0                  146 	.db #0xF0	; 240
   0066 3C                  147 	.db #0x3C	; 60
   0067 3C                  148 	.db #0x3C	; 60
   0068 78                  149 	.db #0x78	; 120	'x'
   0069 78                  150 	.db #0x78	; 120	'x'
   006A F0                  151 	.db #0xF0	; 240
   006B 78                  152 	.db #0x78	; 120	'x'
   006C 78                  153 	.db #0x78	; 120	'x'
   006D F0                  154 	.db #0xF0	; 240
   006E F0                  155 	.db #0xF0	; 240
   006F 78                  156 	.db #0x78	; 120	'x'
   0070 F0                  157 	.db #0xF0	; 240
   0071 F0                  158 	.db #0xF0	; 240
   0072 58                  159 	.db #0x58	; 88	'X'
   0073 F0                  160 	.db #0xF0	; 240
   0074 F0                  161 	.db #0xF0	; 240
   0075 58                  162 	.db #0x58	; 88	'X'
   0076 F0                  163 	.db #0xF0	; 240
   0077 F0                  164 	.db #0xF0	; 240
   0078 58                  165 	.db #0x58	; 88	'X'
   0079 F0                  166 	.db #0xF0	; 240
   007A 58                  167 	.db #0x58	; 88	'X'
   007B 58                  168 	.db #0x58	; 88	'X'
   007C F0                  169 	.db #0xF0	; 240
   007D 58                  170 	.db #0x58	; 88	'X'
   007E A4                  171 	.db #0xA4	; 164
   007F 0C                  172 	.db #0x0C	; 12
   0080 F0                  173 	.db #0xF0	; 240
   0081 A4                  174 	.db #0xA4	; 164
   0082 0C                  175 	.db #0x0C	; 12
   0083 F0                  176 	.db #0xF0	; 240
   0084 3C                  177 	.db #0x3C	; 60
   0085 3C                  178 	.db #0x3C	; 60
   0086 F0                  179 	.db #0xF0	; 240
   0087 3C                  180 	.db #0x3C	; 60
   0088 3C                  181 	.db #0x3C	; 60
   0089 78                  182 	.db #0x78	; 120	'x'
   008A 78                  183 	.db #0x78	; 120	'x'
   008B F0                  184 	.db #0xF0	; 240
   008C 78                  185 	.db #0x78	; 120	'x'
   008D 78                  186 	.db #0x78	; 120	'x'
   008E F0                  187 	.db #0xF0	; 240
   008F 78                  188 	.db #0x78	; 120	'x'
   0090 78                  189 	.db #0x78	; 120	'x'
   0091 F0                  190 	.db #0xF0	; 240
   0092 78                  191 	.db #0x78	; 120	'x'
   0093 58                  192 	.db #0x58	; 88	'X'
   0094 F0                  193 	.db #0xF0	; 240
   0095 58                  194 	.db #0x58	; 88	'X'
   0096 58                  195 	.db #0x58	; 88	'X'
   0097 F0                  196 	.db #0xF0	; 240
   0098 58                  197 	.db #0x58	; 88	'X'
   0099 58                  198 	.db #0x58	; 88	'X'
   009A F0                  199 	.db #0xF0	; 240
   009B 58                  200 	.db #0x58	; 88	'X'
   009C 58                  201 	.db #0x58	; 88	'X'
   009D A4                  202 	.db #0xA4	; 164
   009E 58                  203 	.db #0x58	; 88	'X'
   009F 0C                  204 	.db #0x0C	; 12
   00A0 0C                  205 	.db #0x0C	; 12
   00A1 F0                  206 	.db #0xF0	; 240
   00A2 0C                  207 	.db #0x0C	; 12
   00A3 0C                  208 	.db #0x0C	; 12
   00A4 F0                  209 	.db #0xF0	; 240
   00A5 3C                  210 	.db #0x3C	; 60
   00A6 3C                  211 	.db #0x3C	; 60
   00A7 78                  212 	.db #0x78	; 120	'x'
   00A8 3C                  213 	.db #0x3C	; 60
   00A9 3C                  214 	.db #0x3C	; 60
   00AA 78                  215 	.db #0x78	; 120	'x'
   00AB 78                  216 	.db #0x78	; 120	'x'
   00AC F0                  217 	.db #0xF0	; 240
   00AD F0                  218 	.db #0xF0	; 240
   00AE 3C                  219 	.db #0x3C	; 60
   00AF 78                  220 	.db #0x78	; 120	'x'
   00B0 F0                  221 	.db #0xF0	; 240
   00B1 3C                  222 	.db #0x3C	; 60
   00B2 78                  223 	.db #0x78	; 120	'x'
   00B3 F0                  224 	.db #0xF0	; 240
   00B4 58                  225 	.db #0x58	; 88	'X'
   00B5 F0                  226 	.db #0xF0	; 240
   00B6 F0                  227 	.db #0xF0	; 240
   00B7 58                  228 	.db #0x58	; 88	'X'
   00B8 F0                  229 	.db #0xF0	; 240
   00B9 F0                  230 	.db #0xF0	; 240
   00BA 58                  231 	.db #0x58	; 88	'X'
   00BB F0                  232 	.db #0xF0	; 240
   00BC F0                  233 	.db #0xF0	; 240
   00BD 58                  234 	.db #0x58	; 88	'X'
   00BE F0                  235 	.db #0xF0	; 240
   00BF F0                  236 	.db #0xF0	; 240
   00C0 0C                  237 	.db #0x0C	; 12
   00C1 0C                  238 	.db #0x0C	; 12
   00C2 58                  239 	.db #0x58	; 88	'X'
   00C3 0C                  240 	.db #0x0C	; 12
   00C4 0C                  241 	.db #0x0C	; 12
   00C5 58                  242 	.db #0x58	; 88	'X'
   00C6 3C                  243 	.db #0x3C	; 60
   00C7 3C                  244 	.db #0x3C	; 60
   00C8 78                  245 	.db #0x78	; 120	'x'
   00C9 3C                  246 	.db #0x3C	; 60
   00CA 3C                  247 	.db #0x3C	; 60
   00CB 78                  248 	.db #0x78	; 120	'x'
   00CC 78                  249 	.db #0x78	; 120	'x'
   00CD F0                  250 	.db #0xF0	; 240
   00CE F0                  251 	.db #0xF0	; 240
   00CF 3C                  252 	.db #0x3C	; 60
   00D0 78                  253 	.db #0x78	; 120	'x'
   00D1 F0                  254 	.db #0xF0	; 240
   00D2 3C                  255 	.db #0x3C	; 60
   00D3 78                  256 	.db #0x78	; 120	'x'
   00D4 F0                  257 	.db #0xF0	; 240
   00D5 58                  258 	.db #0x58	; 88	'X'
   00D6 F0                  259 	.db #0xF0	; 240
   00D7 F0                  260 	.db #0xF0	; 240
   00D8 58                  261 	.db #0x58	; 88	'X'
   00D9 F0                  262 	.db #0xF0	; 240
   00DA F0                  263 	.db #0xF0	; 240
   00DB 58                  264 	.db #0x58	; 88	'X'
   00DC F0                  265 	.db #0xF0	; 240
   00DD F0                  266 	.db #0xF0	; 240
   00DE 58                  267 	.db #0x58	; 88	'X'
   00DF F0                  268 	.db #0xF0	; 240
   00E0 F0                  269 	.db #0xF0	; 240
   00E1 58                  270 	.db #0x58	; 88	'X'
   00E2 F0                  271 	.db #0xF0	; 240
   00E3 F0                  272 	.db #0xF0	; 240
   00E4 58                  273 	.db #0x58	; 88	'X'
   00E5 F0                  274 	.db #0xF0	; 240
   00E6 F0                  275 	.db #0xF0	; 240
   00E7 B4                  276 	.db #0xB4	; 180
   00E8 3C                  277 	.db #0x3C	; 60
   00E9 78                  278 	.db #0x78	; 120	'x'
   00EA 3C                  279 	.db #0x3C	; 60
   00EB 3C                  280 	.db #0x3C	; 60
   00EC 78                  281 	.db #0x78	; 120	'x'
   00ED 78                  282 	.db #0x78	; 120	'x'
   00EE F0                  283 	.db #0xF0	; 240
   00EF F0                  284 	.db #0xF0	; 240
   00F0 78                  285 	.db #0x78	; 120	'x'
   00F1 3C                  286 	.db #0x3C	; 60
   00F2 78                  287 	.db #0x78	; 120	'x'
   00F3 78                  288 	.db #0x78	; 120	'x'
   00F4 3C                  289 	.db #0x3C	; 60
   00F5 78                  290 	.db #0x78	; 120	'x'
   00F6 58                  291 	.db #0x58	; 88	'X'
   00F7 F0                  292 	.db #0xF0	; 240
   00F8 58                  293 	.db #0x58	; 88	'X'
   00F9 58                  294 	.db #0x58	; 88	'X'
   00FA F0                  295 	.db #0xF0	; 240
   00FB 58                  296 	.db #0x58	; 88	'X'
   00FC 58                  297 	.db #0x58	; 88	'X'
   00FD F0                  298 	.db #0xF0	; 240
   00FE 58                  299 	.db #0x58	; 88	'X'
   00FF 58                  300 	.db #0x58	; 88	'X'
   0100 F0                  301 	.db #0xF0	; 240
   0101 58                  302 	.db #0x58	; 88	'X'
   0102 A4                  303 	.db #0xA4	; 164
   0103 0C                  304 	.db #0x0C	; 12
   0104 F0                  305 	.db #0xF0	; 240
   0105 A4                  306 	.db #0xA4	; 164
   0106 0C                  307 	.db #0x0C	; 12
   0107 F0                  308 	.db #0xF0	; 240
   0108 78                  309 	.db #0x78	; 120	'x'
   0109 F0                  310 	.db #0xF0	; 240
   010A 78                  311 	.db #0x78	; 120	'x'
   010B 78                  312 	.db #0x78	; 120	'x'
   010C F0                  313 	.db #0xF0	; 240
   010D 78                  314 	.db #0x78	; 120	'x'
   010E 78                  315 	.db #0x78	; 120	'x'
   010F F0                  316 	.db #0xF0	; 240
   0110 78                  317 	.db #0x78	; 120	'x'
   0111 3C                  318 	.db #0x3C	; 60
   0112 3C                  319 	.db #0x3C	; 60
   0113 78                  320 	.db #0x78	; 120	'x'
   0114 3C                  321 	.db #0x3C	; 60
   0115 3C                  322 	.db #0x3C	; 60
   0116 78                  323 	.db #0x78	; 120	'x'
   0117 58                  324 	.db #0x58	; 88	'X'
   0118 F0                  325 	.db #0xF0	; 240
   0119 58                  326 	.db #0x58	; 88	'X'
   011A 58                  327 	.db #0x58	; 88	'X'
   011B F0                  328 	.db #0xF0	; 240
   011C 58                  329 	.db #0x58	; 88	'X'
   011D 58                  330 	.db #0x58	; 88	'X'
   011E F0                  331 	.db #0xF0	; 240
   011F 58                  332 	.db #0x58	; 88	'X'
   0120 58                  333 	.db #0x58	; 88	'X'
   0121 F0                  334 	.db #0xF0	; 240
   0122 58                  335 	.db #0x58	; 88	'X'
   0123 58                  336 	.db #0x58	; 88	'X'
   0124 F0                  337 	.db #0xF0	; 240
   0125 58                  338 	.db #0x58	; 88	'X'
   0126 58                  339 	.db #0x58	; 88	'X'
   0127 F0                  340 	.db #0xF0	; 240
   0128 58                  341 	.db #0x58	; 88	'X'
   0129 3C                  342 	.db #0x3C	; 60
   012A 3C                  343 	.db #0x3C	; 60
   012B 78                  344 	.db #0x78	; 120	'x'
   012C 3C                  345 	.db #0x3C	; 60
   012D 3C                  346 	.db #0x3C	; 60
   012E 78                  347 	.db #0x78	; 120	'x'
   012F F0                  348 	.db #0xF0	; 240
   0130 78                  349 	.db #0x78	; 120	'x'
   0131 F0                  350 	.db #0xF0	; 240
   0132 F0                  351 	.db #0xF0	; 240
   0133 78                  352 	.db #0x78	; 120	'x'
   0134 F0                  353 	.db #0xF0	; 240
   0135 F0                  354 	.db #0xF0	; 240
   0136 78                  355 	.db #0x78	; 120	'x'
   0137 F0                  356 	.db #0xF0	; 240
   0138 F0                  357 	.db #0xF0	; 240
   0139 58                  358 	.db #0x58	; 88	'X'
   013A F0                  359 	.db #0xF0	; 240
   013B F0                  360 	.db #0xF0	; 240
   013C 58                  361 	.db #0x58	; 88	'X'
   013D F0                  362 	.db #0xF0	; 240
   013E F0                  363 	.db #0xF0	; 240
   013F 58                  364 	.db #0x58	; 88	'X'
   0140 F0                  365 	.db #0xF0	; 240
   0141 F0                  366 	.db #0xF0	; 240
   0142 58                  367 	.db #0x58	; 88	'X'
   0143 F0                  368 	.db #0xF0	; 240
   0144 0C                  369 	.db #0x0C	; 12
   0145 0C                  370 	.db #0x0C	; 12
   0146 58                  371 	.db #0x58	; 88	'X'
   0147 0C                  372 	.db #0x0C	; 12
   0148 0C                  373 	.db #0x0C	; 12
   0149 58                  374 	.db #0x58	; 88	'X'
   014A F0                  375 	.db #0xF0	; 240
   014B F0                  376 	.db #0xF0	; 240
   014C 78                  377 	.db #0x78	; 120	'x'
   014D F0                  378 	.db #0xF0	; 240
   014E F0                  379 	.db #0xF0	; 240
   014F 78                  380 	.db #0x78	; 120	'x'
   0150 F0                  381 	.db #0xF0	; 240
   0151 F0                  382 	.db #0xF0	; 240
   0152 78                  383 	.db #0x78	; 120	'x'
   0153 F0                  384 	.db #0xF0	; 240
   0154 F0                  385 	.db #0xF0	; 240
   0155 78                  386 	.db #0x78	; 120	'x'
   0156 F0                  387 	.db #0xF0	; 240
   0157 F0                  388 	.db #0xF0	; 240
   0158 78                  389 	.db #0x78	; 120	'x'
   0159 F0                  390 	.db #0xF0	; 240
   015A F0                  391 	.db #0xF0	; 240
   015B 58                  392 	.db #0x58	; 88	'X'
   015C F0                  393 	.db #0xF0	; 240
   015D F0                  394 	.db #0xF0	; 240
   015E 58                  395 	.db #0x58	; 88	'X'
   015F 58                  396 	.db #0x58	; 88	'X'
   0160 F0                  397 	.db #0xF0	; 240
   0161 58                  398 	.db #0x58	; 88	'X'
   0162 58                  399 	.db #0x58	; 88	'X'
   0163 F0                  400 	.db #0xF0	; 240
   0164 58                  401 	.db #0x58	; 88	'X'
   0165 A4                  402 	.db #0xA4	; 164
   0166 0C                  403 	.db #0x0C	; 12
   0167 F0                  404 	.db #0xF0	; 240
   0168 A4                  405 	.db #0xA4	; 164
   0169 0C                  406 	.db #0x0C	; 12
   016A F0                  407 	.db #0xF0	; 240
   016B 78                  408 	.db #0x78	; 120	'x'
   016C F0                  409 	.db #0xF0	; 240
   016D 78                  410 	.db #0x78	; 120	'x'
   016E 78                  411 	.db #0x78	; 120	'x'
   016F B4                  412 	.db #0xB4	; 180
   0170 78                  413 	.db #0x78	; 120	'x'
   0171 78                  414 	.db #0x78	; 120	'x'
   0172 B4                  415 	.db #0xB4	; 180
   0173 F0                  416 	.db #0xF0	; 240
   0174 3C                  417 	.db #0x3C	; 60
   0175 78                  418 	.db #0x78	; 120	'x'
   0176 F0                  419 	.db #0xF0	; 240
   0177 3C                  420 	.db #0x3C	; 60
   0178 3C                  421 	.db #0x3C	; 60
   0179 F0                  422 	.db #0xF0	; 240
   017A 58                  423 	.db #0x58	; 88	'X'
   017B A4                  424 	.db #0xA4	; 164
   017C F0                  425 	.db #0xF0	; 240
   017D 58                  426 	.db #0x58	; 88	'X'
   017E F0                  427 	.db #0xF0	; 240
   017F 58                  428 	.db #0x58	; 88	'X'
   0180 58                  429 	.db #0x58	; 88	'X'
   0181 F0                  430 	.db #0xF0	; 240
   0182 58                  431 	.db #0x58	; 88	'X'
   0183 58                  432 	.db #0x58	; 88	'X'
   0184 F0                  433 	.db #0xF0	; 240
   0185 58                  434 	.db #0x58	; 88	'X'
   0186 58                  435 	.db #0x58	; 88	'X'
   0187 F0                  436 	.db #0xF0	; 240
   0188 58                  437 	.db #0x58	; 88	'X'
   0189 58                  438 	.db #0x58	; 88	'X'
   018A F0                  439 	.db #0xF0	; 240
   018B 58                  440 	.db #0x58	; 88	'X'
   018C 78                  441 	.db #0x78	; 120	'x'
   018D F0                  442 	.db #0xF0	; 240
   018E F0                  443 	.db #0xF0	; 240
   018F 78                  444 	.db #0x78	; 120	'x'
   0190 F0                  445 	.db #0xF0	; 240
   0191 F0                  446 	.db #0xF0	; 240
   0192 78                  447 	.db #0x78	; 120	'x'
   0193 F0                  448 	.db #0xF0	; 240
   0194 F0                  449 	.db #0xF0	; 240
   0195 78                  450 	.db #0x78	; 120	'x'
   0196 F0                  451 	.db #0xF0	; 240
   0197 F0                  452 	.db #0xF0	; 240
   0198 78                  453 	.db #0x78	; 120	'x'
   0199 F0                  454 	.db #0xF0	; 240
   019A F0                  455 	.db #0xF0	; 240
   019B 58                  456 	.db #0x58	; 88	'X'
   019C F0                  457 	.db #0xF0	; 240
   019D F0                  458 	.db #0xF0	; 240
   019E 58                  459 	.db #0x58	; 88	'X'
   019F F0                  460 	.db #0xF0	; 240
   01A0 F0                  461 	.db #0xF0	; 240
   01A1 58                  462 	.db #0x58	; 88	'X'
   01A2 F0                  463 	.db #0xF0	; 240
   01A3 F0                  464 	.db #0xF0	; 240
   01A4 58                  465 	.db #0x58	; 88	'X'
   01A5 F0                  466 	.db #0xF0	; 240
   01A6 F0                  467 	.db #0xF0	; 240
   01A7 0C                  468 	.db #0x0C	; 12
   01A8 0C                  469 	.db #0x0C	; 12
   01A9 58                  470 	.db #0x58	; 88	'X'
   01AA 0C                  471 	.db #0x0C	; 12
   01AB 0C                  472 	.db #0x0C	; 12
   01AC 58                  473 	.db #0x58	; 88	'X'
   01AD 78                  474 	.db #0x78	; 120	'x'
   01AE F0                  475 	.db #0xF0	; 240
   01AF 78                  476 	.db #0x78	; 120	'x'
   01B0 3C                  477 	.db #0x3C	; 60
   01B1 B4                  478 	.db #0xB4	; 180
   01B2 78                  479 	.db #0x78	; 120	'x'
   01B3 3C                  480 	.db #0x3C	; 60
   01B4 3C                  481 	.db #0x3C	; 60
   01B5 78                  482 	.db #0x78	; 120	'x'
   01B6 78                  483 	.db #0x78	; 120	'x'
   01B7 78                  484 	.db #0x78	; 120	'x'
   01B8 78                  485 	.db #0x78	; 120	'x'
   01B9 78                  486 	.db #0x78	; 120	'x'
   01BA 78                  487 	.db #0x78	; 120	'x'
   01BB 78                  488 	.db #0x78	; 120	'x'
   01BC 58                  489 	.db #0x58	; 88	'X'
   01BD F0                  490 	.db #0xF0	; 240
   01BE 58                  491 	.db #0x58	; 88	'X'
   01BF 58                  492 	.db #0x58	; 88	'X'
   01C0 F0                  493 	.db #0xF0	; 240
   01C1 58                  494 	.db #0x58	; 88	'X'
   01C2 58                  495 	.db #0x58	; 88	'X'
   01C3 F0                  496 	.db #0xF0	; 240
   01C4 58                  497 	.db #0x58	; 88	'X'
   01C5 58                  498 	.db #0x58	; 88	'X'
   01C6 F0                  499 	.db #0xF0	; 240
   01C7 58                  500 	.db #0x58	; 88	'X'
   01C8 58                  501 	.db #0x58	; 88	'X'
   01C9 F0                  502 	.db #0xF0	; 240
   01CA 58                  503 	.db #0x58	; 88	'X'
   01CB 58                  504 	.db #0x58	; 88	'X'
   01CC F0                  505 	.db #0xF0	; 240
   01CD 58                  506 	.db #0x58	; 88	'X'
   01CE 78                  507 	.db #0x78	; 120	'x'
   01CF F0                  508 	.db #0xF0	; 240
   01D0 78                  509 	.db #0x78	; 120	'x'
   01D1 3C                  510 	.db #0x3C	; 60
   01D2 F0                  511 	.db #0xF0	; 240
   01D3 78                  512 	.db #0x78	; 120	'x'
   01D4 3C                  513 	.db #0x3C	; 60
   01D5 F0                  514 	.db #0xF0	; 240
   01D6 78                  515 	.db #0x78	; 120	'x'
   01D7 3C                  516 	.db #0x3C	; 60
   01D8 F0                  517 	.db #0xF0	; 240
   01D9 78                  518 	.db #0x78	; 120	'x'
   01DA 3C                  519 	.db #0x3C	; 60
   01DB 78                  520 	.db #0x78	; 120	'x'
   01DC 78                  521 	.db #0x78	; 120	'x'
   01DD 58                  522 	.db #0x58	; 88	'X'
   01DE 58                  523 	.db #0x58	; 88	'X'
   01DF 58                  524 	.db #0x58	; 88	'X'
   01E0 58                  525 	.db #0x58	; 88	'X'
   01E1 0C                  526 	.db #0x0C	; 12
   01E2 58                  527 	.db #0x58	; 88	'X'
   01E3 58                  528 	.db #0x58	; 88	'X'
   01E4 0C                  529 	.db #0x0C	; 12
   01E5 58                  530 	.db #0x58	; 88	'X'
   01E6 58                  531 	.db #0x58	; 88	'X'
   01E7 A4                  532 	.db #0xA4	; 164
   01E8 58                  533 	.db #0x58	; 88	'X'
   01E9 58                  534 	.db #0x58	; 88	'X'
   01EA A4                  535 	.db #0xA4	; 164
   01EB 58                  536 	.db #0x58	; 88	'X'
   01EC 58                  537 	.db #0x58	; 88	'X'
   01ED F0                  538 	.db #0xF0	; 240
   01EE 58                  539 	.db #0x58	; 88	'X'
   01EF B4                  540 	.db #0xB4	; 180
   01F0 3C                  541 	.db #0x3C	; 60
   01F1 F0                  542 	.db #0xF0	; 240
   01F2 3C                  543 	.db #0x3C	; 60
   01F3 3C                  544 	.db #0x3C	; 60
   01F4 78                  545 	.db #0x78	; 120	'x'
   01F5 78                  546 	.db #0x78	; 120	'x'
   01F6 F0                  547 	.db #0xF0	; 240
   01F7 78                  548 	.db #0x78	; 120	'x'
   01F8 78                  549 	.db #0x78	; 120	'x'
   01F9 F0                  550 	.db #0xF0	; 240
   01FA 78                  551 	.db #0x78	; 120	'x'
   01FB 78                  552 	.db #0x78	; 120	'x'
   01FC F0                  553 	.db #0xF0	; 240
   01FD 78                  554 	.db #0x78	; 120	'x'
   01FE 58                  555 	.db #0x58	; 88	'X'
   01FF F0                  556 	.db #0xF0	; 240
   0200 58                  557 	.db #0x58	; 88	'X'
   0201 58                  558 	.db #0x58	; 88	'X'
   0202 F0                  559 	.db #0xF0	; 240
   0203 58                  560 	.db #0x58	; 88	'X'
   0204 58                  561 	.db #0x58	; 88	'X'
   0205 F0                  562 	.db #0xF0	; 240
   0206 58                  563 	.db #0x58	; 88	'X'
   0207 58                  564 	.db #0x58	; 88	'X'
   0208 F0                  565 	.db #0xF0	; 240
   0209 58                  566 	.db #0x58	; 88	'X'
   020A A4                  567 	.db #0xA4	; 164
   020B 0C                  568 	.db #0x0C	; 12
   020C F0                  569 	.db #0xF0	; 240
   020D A4                  570 	.db #0xA4	; 164
   020E 0C                  571 	.db #0x0C	; 12
   020F F0                  572 	.db #0xF0	; 240
   0210 3C                  573 	.db #0x3C	; 60
   0211 3C                  574 	.db #0x3C	; 60
   0212 F0                  575 	.db #0xF0	; 240
   0213 3C                  576 	.db #0x3C	; 60
   0214 3C                  577 	.db #0x3C	; 60
   0215 78                  578 	.db #0x78	; 120	'x'
   0216 78                  579 	.db #0x78	; 120	'x'
   0217 F0                  580 	.db #0xF0	; 240
   0218 78                  581 	.db #0x78	; 120	'x'
   0219 3C                  582 	.db #0x3C	; 60
   021A 3C                  583 	.db #0x3C	; 60
   021B F0                  584 	.db #0xF0	; 240
   021C 3C                  585 	.db #0x3C	; 60
   021D 3C                  586 	.db #0x3C	; 60
   021E F0                  587 	.db #0xF0	; 240
   021F 58                  588 	.db #0x58	; 88	'X'
   0220 F0                  589 	.db #0xF0	; 240
   0221 F0                  590 	.db #0xF0	; 240
   0222 58                  591 	.db #0x58	; 88	'X'
   0223 F0                  592 	.db #0xF0	; 240
   0224 F0                  593 	.db #0xF0	; 240
   0225 58                  594 	.db #0x58	; 88	'X'
   0226 F0                  595 	.db #0xF0	; 240
   0227 F0                  596 	.db #0xF0	; 240
   0228 58                  597 	.db #0x58	; 88	'X'
   0229 F0                  598 	.db #0xF0	; 240
   022A F0                  599 	.db #0xF0	; 240
   022B 58                  600 	.db #0x58	; 88	'X'
   022C F0                  601 	.db #0xF0	; 240
   022D F0                  602 	.db #0xF0	; 240
   022E 58                  603 	.db #0x58	; 88	'X'
   022F F0                  604 	.db #0xF0	; 240
   0230 F0                  605 	.db #0xF0	; 240
   0231 B4                  606 	.db #0xB4	; 180
   0232 3C                  607 	.db #0x3C	; 60
   0233 F0                  608 	.db #0xF0	; 240
   0234 3C                  609 	.db #0x3C	; 60
   0235 3C                  610 	.db #0x3C	; 60
   0236 78                  611 	.db #0x78	; 120	'x'
   0237 78                  612 	.db #0x78	; 120	'x'
   0238 F0                  613 	.db #0xF0	; 240
   0239 78                  614 	.db #0x78	; 120	'x'
   023A 78                  615 	.db #0x78	; 120	'x'
   023B F0                  616 	.db #0xF0	; 240
   023C 78                  617 	.db #0x78	; 120	'x'
   023D 78                  618 	.db #0x78	; 120	'x'
   023E F0                  619 	.db #0xF0	; 240
   023F 78                  620 	.db #0x78	; 120	'x'
   0240 58                  621 	.db #0x58	; 88	'X'
   0241 F0                  622 	.db #0xF0	; 240
   0242 58                  623 	.db #0x58	; 88	'X'
   0243 58                  624 	.db #0x58	; 88	'X'
   0244 F0                  625 	.db #0xF0	; 240
   0245 58                  626 	.db #0x58	; 88	'X'
   0246 58                  627 	.db #0x58	; 88	'X'
   0247 A4                  628 	.db #0xA4	; 164
   0248 58                  629 	.db #0x58	; 88	'X'
   0249 0C                  630 	.db #0x0C	; 12
   024A 0C                  631 	.db #0x0C	; 12
   024B F0                  632 	.db #0xF0	; 240
   024C A4                  633 	.db #0xA4	; 164
   024D 58                  634 	.db #0x58	; 88	'X'
   024E 58                  635 	.db #0x58	; 88	'X'
   024F A4                  636 	.db #0xA4	; 164
   0250 58                  637 	.db #0x58	; 88	'X'
   0251 58                  638 	.db #0x58	; 88	'X'
   0252 3C                  639 	.db #0x3C	; 60
   0253 3C                  640 	.db #0x3C	; 60
   0254 F0                  641 	.db #0xF0	; 240
   0255 3C                  642 	.db #0x3C	; 60
   0256 3C                  643 	.db #0x3C	; 60
   0257 78                  644 	.db #0x78	; 120	'x'
   0258 78                  645 	.db #0x78	; 120	'x'
   0259 F0                  646 	.db #0xF0	; 240
   025A 78                  647 	.db #0x78	; 120	'x'
   025B 3C                  648 	.db #0x3C	; 60
   025C 3C                  649 	.db #0x3C	; 60
   025D F0                  650 	.db #0xF0	; 240
   025E 3C                  651 	.db #0x3C	; 60
   025F 3C                  652 	.db #0x3C	; 60
   0260 78                  653 	.db #0x78	; 120	'x'
   0261 58                  654 	.db #0x58	; 88	'X'
   0262 F0                  655 	.db #0xF0	; 240
   0263 58                  656 	.db #0x58	; 88	'X'
   0264 58                  657 	.db #0x58	; 88	'X'
   0265 F0                  658 	.db #0xF0	; 240
   0266 58                  659 	.db #0x58	; 88	'X'
   0267 58                  660 	.db #0x58	; 88	'X'
   0268 F0                  661 	.db #0xF0	; 240
   0269 58                  662 	.db #0x58	; 88	'X'
   026A 58                  663 	.db #0x58	; 88	'X'
   026B F0                  664 	.db #0xF0	; 240
   026C 58                  665 	.db #0x58	; 88	'X'
   026D 58                  666 	.db #0x58	; 88	'X'
   026E F0                  667 	.db #0xF0	; 240
   026F 58                  668 	.db #0x58	; 88	'X'
   0270 58                  669 	.db #0x58	; 88	'X'
   0271 F0                  670 	.db #0xF0	; 240
   0272 58                  671 	.db #0x58	; 88	'X'
   0273 B4                  672 	.db #0xB4	; 180
   0274 3C                  673 	.db #0x3C	; 60
   0275 78                  674 	.db #0x78	; 120	'x'
   0276 3C                  675 	.db #0x3C	; 60
   0277 3C                  676 	.db #0x3C	; 60
   0278 78                  677 	.db #0x78	; 120	'x'
   0279 78                  678 	.db #0x78	; 120	'x'
   027A F0                  679 	.db #0xF0	; 240
   027B F0                  680 	.db #0xF0	; 240
   027C B4                  681 	.db #0xB4	; 180
   027D 3C                  682 	.db #0x3C	; 60
   027E F0                  683 	.db #0xF0	; 240
   027F B4                  684 	.db #0xB4	; 180
   0280 3C                  685 	.db #0x3C	; 60
   0281 78                  686 	.db #0x78	; 120	'x'
   0282 F0                  687 	.db #0xF0	; 240
   0283 F0                  688 	.db #0xF0	; 240
   0284 58                  689 	.db #0x58	; 88	'X'
   0285 F0                  690 	.db #0xF0	; 240
   0286 F0                  691 	.db #0xF0	; 240
   0287 58                  692 	.db #0x58	; 88	'X'
   0288 58                  693 	.db #0x58	; 88	'X'
   0289 F0                  694 	.db #0xF0	; 240
   028A 58                  695 	.db #0x58	; 88	'X'
   028B 58                  696 	.db #0x58	; 88	'X'
   028C F0                  697 	.db #0xF0	; 240
   028D 58                  698 	.db #0x58	; 88	'X'
   028E A4                  699 	.db #0xA4	; 164
   028F 0C                  700 	.db #0x0C	; 12
   0290 F0                  701 	.db #0xF0	; 240
   0291 A4                  702 	.db #0xA4	; 164
   0292 0C                  703 	.db #0x0C	; 12
   0293 F0                  704 	.db #0xF0	; 240
   0294 3C                  705 	.db #0x3C	; 60
   0295 3C                  706 	.db #0x3C	; 60
   0296 78                  707 	.db #0x78	; 120	'x'
   0297 3C                  708 	.db #0x3C	; 60
   0298 3C                  709 	.db #0x3C	; 60
   0299 78                  710 	.db #0x78	; 120	'x'
   029A F0                  711 	.db #0xF0	; 240
   029B 78                  712 	.db #0x78	; 120	'x'
   029C F0                  713 	.db #0xF0	; 240
   029D F0                  714 	.db #0xF0	; 240
   029E 78                  715 	.db #0x78	; 120	'x'
   029F F0                  716 	.db #0xF0	; 240
   02A0 F0                  717 	.db #0xF0	; 240
   02A1 78                  718 	.db #0x78	; 120	'x'
   02A2 F0                  719 	.db #0xF0	; 240
   02A3 F0                  720 	.db #0xF0	; 240
   02A4 58                  721 	.db #0x58	; 88	'X'
   02A5 F0                  722 	.db #0xF0	; 240
   02A6 F0                  723 	.db #0xF0	; 240
   02A7 58                  724 	.db #0x58	; 88	'X'
   02A8 F0                  725 	.db #0xF0	; 240
   02A9 F0                  726 	.db #0xF0	; 240
   02AA 58                  727 	.db #0x58	; 88	'X'
   02AB F0                  728 	.db #0xF0	; 240
   02AC F0                  729 	.db #0xF0	; 240
   02AD 58                  730 	.db #0x58	; 88	'X'
   02AE F0                  731 	.db #0xF0	; 240
   02AF F0                  732 	.db #0xF0	; 240
   02B0 58                  733 	.db #0x58	; 88	'X'
   02B1 F0                  734 	.db #0xF0	; 240
   02B2 F0                  735 	.db #0xF0	; 240
   02B3 58                  736 	.db #0x58	; 88	'X'
   02B4 F0                  737 	.db #0xF0	; 240
   02B5 78                  738 	.db #0x78	; 120	'x'
   02B6 F0                  739 	.db #0xF0	; 240
   02B7 78                  740 	.db #0x78	; 120	'x'
   02B8 78                  741 	.db #0x78	; 120	'x'
   02B9 F0                  742 	.db #0xF0	; 240
   02BA 78                  743 	.db #0x78	; 120	'x'
   02BB 78                  744 	.db #0x78	; 120	'x'
   02BC F0                  745 	.db #0xF0	; 240
   02BD 78                  746 	.db #0x78	; 120	'x'
   02BE 78                  747 	.db #0x78	; 120	'x'
   02BF F0                  748 	.db #0xF0	; 240
   02C0 78                  749 	.db #0x78	; 120	'x'
   02C1 78                  750 	.db #0x78	; 120	'x'
   02C2 F0                  751 	.db #0xF0	; 240
   02C3 78                  752 	.db #0x78	; 120	'x'
   02C4 58                  753 	.db #0x58	; 88	'X'
   02C5 F0                  754 	.db #0xF0	; 240
   02C6 58                  755 	.db #0x58	; 88	'X'
   02C7 58                  756 	.db #0x58	; 88	'X'
   02C8 F0                  757 	.db #0xF0	; 240
   02C9 58                  758 	.db #0x58	; 88	'X'
   02CA 58                  759 	.db #0x58	; 88	'X'
   02CB F0                  760 	.db #0xF0	; 240
   02CC 58                  761 	.db #0x58	; 88	'X'
   02CD 58                  762 	.db #0x58	; 88	'X'
   02CE F0                  763 	.db #0xF0	; 240
   02CF 58                  764 	.db #0x58	; 88	'X'
   02D0 A4                  765 	.db #0xA4	; 164
   02D1 0C                  766 	.db #0x0C	; 12
   02D2 F0                  767 	.db #0xF0	; 240
   02D3 A4                  768 	.db #0xA4	; 164
   02D4 0C                  769 	.db #0x0C	; 12
   02D5 F0                  770 	.db #0xF0	; 240
   02D6 78                  771 	.db #0x78	; 120	'x'
   02D7 F0                  772 	.db #0xF0	; 240
   02D8 78                  773 	.db #0x78	; 120	'x'
   02D9 78                  774 	.db #0x78	; 120	'x'
   02DA F0                  775 	.db #0xF0	; 240
   02DB 78                  776 	.db #0x78	; 120	'x'
   02DC 78                  777 	.db #0x78	; 120	'x'
   02DD F0                  778 	.db #0xF0	; 240
   02DE 78                  779 	.db #0x78	; 120	'x'
   02DF 78                  780 	.db #0x78	; 120	'x'
   02E0 F0                  781 	.db #0xF0	; 240
   02E1 78                  782 	.db #0x78	; 120	'x'
   02E2 78                  783 	.db #0x78	; 120	'x'
   02E3 F0                  784 	.db #0xF0	; 240
   02E4 78                  785 	.db #0x78	; 120	'x'
   02E5 58                  786 	.db #0x58	; 88	'X'
   02E6 F0                  787 	.db #0xF0	; 240
   02E7 58                  788 	.db #0x58	; 88	'X'
   02E8 A4                  789 	.db #0xA4	; 164
   02E9 A4                  790 	.db #0xA4	; 164
   02EA F0                  791 	.db #0xF0	; 240
   02EB A4                  792 	.db #0xA4	; 164
   02EC 0C                  793 	.db #0x0C	; 12
   02ED F0                  794 	.db #0xF0	; 240
   02EE A4                  795 	.db #0xA4	; 164
   02EF 0C                  796 	.db #0x0C	; 12
   02F0 F0                  797 	.db #0xF0	; 240
   02F1 A4                  798 	.db #0xA4	; 164
   02F2 58                  799 	.db #0x58	; 88	'X'
   02F3 F0                  800 	.db #0xF0	; 240
   02F4 A4                  801 	.db #0xA4	; 164
   02F5 F0                  802 	.db #0xF0	; 240
   02F6 F0                  803 	.db #0xF0	; 240
   02F7 78                  804 	.db #0x78	; 120	'x'
   02F8 F0                  805 	.db #0xF0	; 240
   02F9 78                  806 	.db #0x78	; 120	'x'
   02FA 78                  807 	.db #0x78	; 120	'x'
   02FB F0                  808 	.db #0xF0	; 240
   02FC 78                  809 	.db #0x78	; 120	'x'
   02FD 78                  810 	.db #0x78	; 120	'x'
   02FE F0                  811 	.db #0xF0	; 240
   02FF 78                  812 	.db #0x78	; 120	'x'
   0300 78                  813 	.db #0x78	; 120	'x'
   0301 F0                  814 	.db #0xF0	; 240
   0302 78                  815 	.db #0x78	; 120	'x'
   0303 78                  816 	.db #0x78	; 120	'x'
   0304 F0                  817 	.db #0xF0	; 240
   0305 78                  818 	.db #0x78	; 120	'x'
   0306 58                  819 	.db #0x58	; 88	'X'
   0307 F0                  820 	.db #0xF0	; 240
   0308 58                  821 	.db #0x58	; 88	'X'
   0309 0C                  822 	.db #0x0C	; 12
   030A A4                  823 	.db #0xA4	; 164
   030B 58                  824 	.db #0x58	; 88	'X'
   030C 0C                  825 	.db #0x0C	; 12
   030D 0C                  826 	.db #0x0C	; 12
   030E 58                  827 	.db #0x58	; 88	'X'
   030F 0C                  828 	.db #0x0C	; 12
   0310 0C                  829 	.db #0x0C	; 12
   0311 58                  830 	.db #0x58	; 88	'X'
   0312 58                  831 	.db #0x58	; 88	'X'
   0313 58                  832 	.db #0x58	; 88	'X'
   0314 58                  833 	.db #0x58	; 88	'X'
   0315 58                  834 	.db #0x58	; 88	'X'
   0316 F0                  835 	.db #0xF0	; 240
   0317 58                  836 	.db #0x58	; 88	'X'
   0318 78                  837 	.db #0x78	; 120	'x'
   0319 F0                  838 	.db #0xF0	; 240
   031A 78                  839 	.db #0x78	; 120	'x'
   031B 3C                  840 	.db #0x3C	; 60
   031C B4                  841 	.db #0xB4	; 180
   031D 78                  842 	.db #0x78	; 120	'x'
   031E B4                  843 	.db #0xB4	; 180
   031F B4                  844 	.db #0xB4	; 180
   0320 F0                  845 	.db #0xF0	; 240
   0321 F0                  846 	.db #0xF0	; 240
   0322 78                  847 	.db #0x78	; 120	'x'
   0323 F0                  848 	.db #0xF0	; 240
   0324 B4                  849 	.db #0xB4	; 180
   0325 B4                  850 	.db #0xB4	; 180
   0326 F0                  851 	.db #0xF0	; 240
   0327 A4                  852 	.db #0xA4	; 164
   0328 A4                  853 	.db #0xA4	; 164
   0329 F0                  854 	.db #0xF0	; 240
   032A 58                  855 	.db #0x58	; 88	'X'
   032B F0                  856 	.db #0xF0	; 240
   032C 58                  857 	.db #0x58	; 88	'X'
   032D 58                  858 	.db #0x58	; 88	'X'
   032E F0                  859 	.db #0xF0	; 240
   032F 58                  860 	.db #0x58	; 88	'X'
   0330 58                  861 	.db #0x58	; 88	'X'
   0331 F0                  862 	.db #0xF0	; 240
   0332 58                  863 	.db #0x58	; 88	'X'
   0333 58                  864 	.db #0x58	; 88	'X'
   0334 F0                  865 	.db #0xF0	; 240
   0335 58                  866 	.db #0x58	; 88	'X'
   0336 58                  867 	.db #0x58	; 88	'X'
   0337 F0                  868 	.db #0xF0	; 240
   0338 58                  869 	.db #0x58	; 88	'X'
   0339 78                  870 	.db #0x78	; 120	'x'
   033A F0                  871 	.db #0xF0	; 240
   033B 78                  872 	.db #0x78	; 120	'x'
   033C 78                  873 	.db #0x78	; 120	'x'
   033D F0                  874 	.db #0xF0	; 240
   033E 78                  875 	.db #0x78	; 120	'x'
   033F B4                  876 	.db #0xB4	; 180
   0340 B4                  877 	.db #0xB4	; 180
   0341 F0                  878 	.db #0xF0	; 240
   0342 F0                  879 	.db #0xF0	; 240
   0343 78                  880 	.db #0x78	; 120	'x'
   0344 F0                  881 	.db #0xF0	; 240
   0345 F0                  882 	.db #0xF0	; 240
   0346 78                  883 	.db #0x78	; 120	'x'
   0347 F0                  884 	.db #0xF0	; 240
   0348 F0                  885 	.db #0xF0	; 240
   0349 58                  886 	.db #0x58	; 88	'X'
   034A F0                  887 	.db #0xF0	; 240
   034B F0                  888 	.db #0xF0	; 240
   034C 58                  889 	.db #0x58	; 88	'X'
   034D F0                  890 	.db #0xF0	; 240
   034E F0                  891 	.db #0xF0	; 240
   034F 58                  892 	.db #0x58	; 88	'X'
   0350 F0                  893 	.db #0xF0	; 240
   0351 F0                  894 	.db #0xF0	; 240
   0352 58                  895 	.db #0x58	; 88	'X'
   0353 F0                  896 	.db #0xF0	; 240
   0354 F0                  897 	.db #0xF0	; 240
   0355 58                  898 	.db #0x58	; 88	'X'
   0356 F0                  899 	.db #0xF0	; 240
   0357 F0                  900 	.db #0xF0	; 240
   0358 58                  901 	.db #0x58	; 88	'X'
   0359 F0                  902 	.db #0xF0	; 240
   035A 3C                  903 	.db #0x3C	; 60
   035B 3C                  904 	.db #0x3C	; 60
   035C 78                  905 	.db #0x78	; 120	'x'
   035D 3C                  906 	.db #0x3C	; 60
   035E 3C                  907 	.db #0x3C	; 60
   035F 78                  908 	.db #0x78	; 120	'x'
   0360 F0                  909 	.db #0xF0	; 240
   0361 F0                  910 	.db #0xF0	; 240
   0362 78                  911 	.db #0x78	; 120	'x'
   0363 F0                  912 	.db #0xF0	; 240
   0364 B4                  913 	.db #0xB4	; 180
   0365 F0                  914 	.db #0xF0	; 240
   0366 F0                  915 	.db #0xF0	; 240
   0367 78                  916 	.db #0x78	; 120	'x'
   0368 F0                  917 	.db #0xF0	; 240
   0369 A4                  918 	.db #0xA4	; 164
   036A F0                  919 	.db #0xF0	; 240
   036B F0                  920 	.db #0xF0	; 240
   036C A4                  921 	.db #0xA4	; 164
   036D F0                  922 	.db #0xF0	; 240
   036E F0                  923 	.db #0xF0	; 240
   036F 58                  924 	.db #0x58	; 88	'X'
   0370 F0                  925 	.db #0xF0	; 240
   0371 F0                  926 	.db #0xF0	; 240
   0372 58                  927 	.db #0x58	; 88	'X'
   0373 F0                  928 	.db #0xF0	; 240
   0374 F0                  929 	.db #0xF0	; 240
   0375 0C                  930 	.db #0x0C	; 12
   0376 0C                  931 	.db #0x0C	; 12
   0377 58                  932 	.db #0x58	; 88	'X'
   0378 0C                  933 	.db #0x0C	; 12
   0379 0C                  934 	.db #0x0C	; 12
   037A 58                  935 	.db #0x58	; 88	'X'
   037B 3C                  936 	.db #0x3C	; 60
   037C 78                  937 	.db #0x78	; 120	'x'
   037D F0                  938 	.db #0xF0	; 240
   037E 78                  939 	.db #0x78	; 120	'x'
   037F F0                  940 	.db #0xF0	; 240
   0380 F0                  941 	.db #0xF0	; 240
   0381 3C                  942 	.db #0x3C	; 60
   0382 78                  943 	.db #0x78	; 120	'x'
   0383 F0                  944 	.db #0xF0	; 240
   0384 78                  945 	.db #0x78	; 120	'x'
   0385 58                  946 	.db #0x58	; 88	'X'
   0386 A4                  947 	.db #0xA4	; 164
   0387 3C                  948 	.db #0x3C	; 60
   0388 2C                  949 	.db #0x2C	; 44
   0389 A4                  950 	.db #0xA4	; 164
   038A F0                  951 	.db #0xF0	; 240
   038B 58                  952 	.db #0x58	; 88	'X'
   038C 0C                  953 	.db #0x0C	; 12
   038D F0                  954 	.db #0xF0	; 240
   038E 1C                  955 	.db #0x1C	; 28
   038F 2C                  956 	.db #0x2C	; 44
   0390 F0                  957 	.db #0xF0	; 240
   0391 1C                  958 	.db #0x1C	; 28
   0392 B4                  959 	.db #0xB4	; 180
   0393 F0                  960 	.db #0xF0	; 240
   0394 B4                  961 	.db #0xB4	; 180
   0395 B4                  962 	.db #0xB4	; 180
   0396 F0                  963 	.db #0xF0	; 240
   0397 B4                  964 	.db #0xB4	; 180
   0398 B4                  965 	.db #0xB4	; 180
   0399 F0                  966 	.db #0xF0	; 240
   039A B4                  967 	.db #0xB4	; 180
   039B 78                  968 	.db #0x78	; 120	'x'
   039C F0                  969 	.db #0xF0	; 240
   039D F0                  970 	.db #0xF0	; 240
   039E F0                  971 	.db #0xF0	; 240
   039F F0                  972 	.db #0xF0	; 240
   03A0 F0                  973 	.db #0xF0	; 240
   03A1 F0                  974 	.db #0xF0	; 240
   03A2 F0                  975 	.db #0xF0	; 240
   03A3 F0                  976 	.db #0xF0	; 240
   03A4 F0                  977 	.db #0xF0	; 240
   03A5 F0                  978 	.db #0xF0	; 240
   03A6 F0                  979 	.db #0xF0	; 240
   03A7 F0                  980 	.db #0xF0	; 240
   03A8 F0                  981 	.db #0xF0	; 240
   03A9 F0                  982 	.db #0xF0	; 240
   03AA F0                  983 	.db #0xF0	; 240
   03AB F0                  984 	.db #0xF0	; 240
   03AC F0                  985 	.db #0xF0	; 240
   03AD F0                  986 	.db #0xF0	; 240
   03AE F0                  987 	.db #0xF0	; 240
   03AF 58                  988 	.db #0x58	; 88	'X'
   03B0 F0                  989 	.db #0xF0	; 240
   03B1 F0                  990 	.db #0xF0	; 240
   03B2 A4                  991 	.db #0xA4	; 164
   03B3 F0                  992 	.db #0xF0	; 240
   03B4 F0                  993 	.db #0xF0	; 240
   03B5 A4                  994 	.db #0xA4	; 164
   03B6 F0                  995 	.db #0xF0	; 240
   03B7 F0                  996 	.db #0xF0	; 240
   03B8 A4                  997 	.db #0xA4	; 164
   03B9 F0                  998 	.db #0xF0	; 240
   03BA F0                  999 	.db #0xF0	; 240
   03BB 0C                 1000 	.db #0x0C	; 12
   03BC F0                 1001 	.db #0xF0	; 240
   03BD F0                 1002 	.db #0xF0	; 240
   03BE F0                 1003 	.db #0xF0	; 240
   03BF F0                 1004 	.db #0xF0	; 240
   03C0 F0                 1005 	.db #0xF0	; 240
   03C1 F0                 1006 	.db #0xF0	; 240
   03C2 F0                 1007 	.db #0xF0	; 240
   03C3 F0                 1008 	.db #0xF0	; 240
   03C4 F0                 1009 	.db #0xF0	; 240
   03C5 F0                 1010 	.db #0xF0	; 240
   03C6 F0                 1011 	.db #0xF0	; 240
   03C7 F0                 1012 	.db #0xF0	; 240
   03C8 F0                 1013 	.db #0xF0	; 240
   03C9 F0                 1014 	.db #0xF0	; 240
   03CA F0                 1015 	.db #0xF0	; 240
   03CB F0                 1016 	.db #0xF0	; 240
   03CC F0                 1017 	.db #0xF0	; 240
   03CD F0                 1018 	.db #0xF0	; 240
   03CE F0                 1019 	.db #0xF0	; 240
   03CF F0                 1020 	.db #0xF0	; 240
   03D0 F0                 1021 	.db #0xF0	; 240
   03D1 F0                 1022 	.db #0xF0	; 240
   03D2 F0                 1023 	.db #0xF0	; 240
   03D3 A4                 1024 	.db #0xA4	; 164
   03D4 F0                 1025 	.db #0xF0	; 240
   03D5 F0                 1026 	.db #0xF0	; 240
   03D6 A4                 1027 	.db #0xA4	; 164
   03D7 F0                 1028 	.db #0xF0	; 240
   03D8 F0                 1029 	.db #0xF0	; 240
   03D9 A4                 1030 	.db #0xA4	; 164
   03DA F0                 1031 	.db #0xF0	; 240
   03DB F0                 1032 	.db #0xF0	; 240
   03DC A4                 1033 	.db #0xA4	; 164
   03DD F0                 1034 	.db #0xF0	; 240
   03DE F0                 1035 	.db #0xF0	; 240
   03DF F0                 1036 	.db #0xF0	; 240
   03E0 F0                 1037 	.db #0xF0	; 240
   03E1 F0                 1038 	.db #0xF0	; 240
   03E2 B4                 1039 	.db #0xB4	; 180
   03E3 F0                 1040 	.db #0xF0	; 240
   03E4 F0                 1041 	.db #0xF0	; 240
   03E5 B4                 1042 	.db #0xB4	; 180
   03E6 F0                 1043 	.db #0xF0	; 240
   03E7 F0                 1044 	.db #0xF0	; 240
   03E8 B4                 1045 	.db #0xB4	; 180
   03E9 F0                 1046 	.db #0xF0	; 240
   03EA F0                 1047 	.db #0xF0	; 240
   03EB B4                 1048 	.db #0xB4	; 180
   03EC F0                 1049 	.db #0xF0	; 240
   03ED F0                 1050 	.db #0xF0	; 240
   03EE F0                 1051 	.db #0xF0	; 240
   03EF F0                 1052 	.db #0xF0	; 240
   03F0 F0                 1053 	.db #0xF0	; 240
   03F1 F0                 1054 	.db #0xF0	; 240
   03F2 F0                 1055 	.db #0xF0	; 240
   03F3 F0                 1056 	.db #0xF0	; 240
   03F4 A4                 1057 	.db #0xA4	; 164
   03F5 F0                 1058 	.db #0xF0	; 240
   03F6 F0                 1059 	.db #0xF0	; 240
   03F7 A4                 1060 	.db #0xA4	; 164
   03F8 F0                 1061 	.db #0xF0	; 240
   03F9 F0                 1062 	.db #0xF0	; 240
   03FA A4                 1063 	.db #0xA4	; 164
   03FB F0                 1064 	.db #0xF0	; 240
   03FC F0                 1065 	.db #0xF0	; 240
   03FD 58                 1066 	.db #0x58	; 88	'X'
   03FE F0                 1067 	.db #0xF0	; 240
   03FF F0                 1068 	.db #0xF0	; 240
   0400 F0                 1069 	.db #0xF0	; 240
   0401 F0                 1070 	.db #0xF0	; 240
   0402 F0                 1071 	.db #0xF0	; 240
   0403 B4                 1072 	.db #0xB4	; 180
   0404 F0                 1073 	.db #0xF0	; 240
   0405 F0                 1074 	.db #0xF0	; 240
   0406 B4                 1075 	.db #0xB4	; 180
   0407 F0                 1076 	.db #0xF0	; 240
   0408 F0                 1077 	.db #0xF0	; 240
   0409 B4                 1078 	.db #0xB4	; 180
   040A F0                 1079 	.db #0xF0	; 240
   040B F0                 1080 	.db #0xF0	; 240
   040C B4                 1081 	.db #0xB4	; 180
   040D F0                 1082 	.db #0xF0	; 240
   040E F0                 1083 	.db #0xF0	; 240
   040F F0                 1084 	.db #0xF0	; 240
   0410 F0                 1085 	.db #0xF0	; 240
   0411 F0                 1086 	.db #0xF0	; 240
   0412 F0                 1087 	.db #0xF0	; 240
   0413 F0                 1088 	.db #0xF0	; 240
   0414 F0                 1089 	.db #0xF0	; 240
   0415 A4                 1090 	.db #0xA4	; 164
   0416 F0                 1091 	.db #0xF0	; 240
   0417 F0                 1092 	.db #0xF0	; 240
   0418 A4                 1093 	.db #0xA4	; 164
   0419 F0                 1094 	.db #0xF0	; 240
   041A F0                 1095 	.db #0xF0	; 240
   041B A4                 1096 	.db #0xA4	; 164
   041C F0                 1097 	.db #0xF0	; 240
   041D F0                 1098 	.db #0xF0	; 240
   041E A4                 1099 	.db #0xA4	; 164
   041F F0                 1100 	.db #0xF0	; 240
   0420 F0                 1101 	.db #0xF0	; 240
   0421 F0                 1102 	.db #0xF0	; 240
   0422 F0                 1103 	.db #0xF0	; 240
   0423 F0                 1104 	.db #0xF0	; 240
   0424 F0                 1105 	.db #0xF0	; 240
   0425 F0                 1106 	.db #0xF0	; 240
   0426 F0                 1107 	.db #0xF0	; 240
   0427 F0                 1108 	.db #0xF0	; 240
   0428 F0                 1109 	.db #0xF0	; 240
   0429 F0                 1110 	.db #0xF0	; 240
   042A F0                 1111 	.db #0xF0	; 240
   042B F0                 1112 	.db #0xF0	; 240
   042C F0                 1113 	.db #0xF0	; 240
   042D F0                 1114 	.db #0xF0	; 240
   042E F0                 1115 	.db #0xF0	; 240
   042F F0                 1116 	.db #0xF0	; 240
   0430 F0                 1117 	.db #0xF0	; 240
   0431 F0                 1118 	.db #0xF0	; 240
   0432 F0                 1119 	.db #0xF0	; 240
   0433 A4                 1120 	.db #0xA4	; 164
   0434 0C                 1121 	.db #0x0C	; 12
   0435 F0                 1122 	.db #0xF0	; 240
   0436 A4                 1123 	.db #0xA4	; 164
   0437 0C                 1124 	.db #0x0C	; 12
   0438 F0                 1125 	.db #0xF0	; 240
   0439 F0                 1126 	.db #0xF0	; 240
   043A F0                 1127 	.db #0xF0	; 240
   043B F0                 1128 	.db #0xF0	; 240
   043C F0                 1129 	.db #0xF0	; 240
   043D F0                 1130 	.db #0xF0	; 240
   043E F0                 1131 	.db #0xF0	; 240
   043F F0                 1132 	.db #0xF0	; 240
   0440 F0                 1133 	.db #0xF0	; 240
   0441 F0                 1134 	.db #0xF0	; 240
   0442 F0                 1135 	.db #0xF0	; 240
   0443 78                 1136 	.db #0x78	; 120	'x'
   0444 F0                 1137 	.db #0xF0	; 240
   0445 F0                 1138 	.db #0xF0	; 240
   0446 78                 1139 	.db #0x78	; 120	'x'
   0447 F0                 1140 	.db #0xF0	; 240
   0448 F0                 1141 	.db #0xF0	; 240
   0449 78                 1142 	.db #0x78	; 120	'x'
   044A F0                 1143 	.db #0xF0	; 240
   044B F0                 1144 	.db #0xF0	; 240
   044C 78                 1145 	.db #0x78	; 120	'x'
   044D F0                 1146 	.db #0xF0	; 240
   044E F0                 1147 	.db #0xF0	; 240
   044F 78                 1148 	.db #0x78	; 120	'x'
   0450 F0                 1149 	.db #0xF0	; 240
   0451 F0                 1150 	.db #0xF0	; 240
   0452 58                 1151 	.db #0x58	; 88	'X'
   0453 F0                 1152 	.db #0xF0	; 240
   0454 F0                 1153 	.db #0xF0	; 240
   0455 58                 1154 	.db #0x58	; 88	'X'
   0456 F0                 1155 	.db #0xF0	; 240
   0457 F0                 1156 	.db #0xF0	; 240
   0458 58                 1157 	.db #0x58	; 88	'X'
   0459 F0                 1158 	.db #0xF0	; 240
   045A F0                 1159 	.db #0xF0	; 240
   045B F0                 1160 	.db #0xF0	; 240
   045C F0                 1161 	.db #0xF0	; 240
   045D F0                 1162 	.db #0xF0	; 240
   045E 58                 1163 	.db #0x58	; 88	'X'
   045F F0                 1164 	.db #0xF0	; 240
   0460 F0                 1165 	.db #0xF0	; 240
   0461 58                 1166 	.db #0x58	; 88	'X'
   0462 F0                 1167 	.db #0xF0	; 240
   0463 B4                 1168 	.db #0xB4	; 180
   0464 3C                 1169 	.db #0x3C	; 60
   0465 F0                 1170 	.db #0xF0	; 240
   0466 3C                 1171 	.db #0x3C	; 60
   0467 3C                 1172 	.db #0x3C	; 60
   0468 F0                 1173 	.db #0xF0	; 240
   0469 78                 1174 	.db #0x78	; 120	'x'
   046A F0                 1175 	.db #0xF0	; 240
   046B F0                 1176 	.db #0xF0	; 240
   046C F0                 1177 	.db #0xF0	; 240
   046D F0                 1178 	.db #0xF0	; 240
   046E F0                 1179 	.db #0xF0	; 240
   046F F0                 1180 	.db #0xF0	; 240
   0470 B4                 1181 	.db #0xB4	; 180
   0471 F0                 1182 	.db #0xF0	; 240
   0472 F0                 1183 	.db #0xF0	; 240
   0473 0C                 1184 	.db #0x0C	; 12
   0474 F0                 1185 	.db #0xF0	; 240
   0475 A4                 1186 	.db #0xA4	; 164
   0476 58                 1187 	.db #0x58	; 88	'X'
   0477 F0                 1188 	.db #0xF0	; 240
   0478 A4                 1189 	.db #0xA4	; 164
   0479 F0                 1190 	.db #0xF0	; 240
   047A F0                 1191 	.db #0xF0	; 240
   047B F0                 1192 	.db #0xF0	; 240
   047C F0                 1193 	.db #0xF0	; 240
   047D F0                 1194 	.db #0xF0	; 240
   047E A4                 1195 	.db #0xA4	; 164
   047F F0                 1196 	.db #0xF0	; 240
   0480 F0                 1197 	.db #0xF0	; 240
   0481 A4                 1198 	.db #0xA4	; 164
   0482 F0                 1199 	.db #0xF0	; 240
   0483 F0                 1200 	.db #0xF0	; 240
   0484 F0                 1201 	.db #0xF0	; 240
   0485 B4                 1202 	.db #0xB4	; 180
   0486 78                 1203 	.db #0x78	; 120	'x'
   0487 F0                 1204 	.db #0xF0	; 240
   0488 B4                 1205 	.db #0xB4	; 180
   0489 78                 1206 	.db #0x78	; 120	'x'
   048A F0                 1207 	.db #0xF0	; 240
   048B B4                 1208 	.db #0xB4	; 180
   048C 78                 1209 	.db #0x78	; 120	'x'
   048D F0                 1210 	.db #0xF0	; 240
   048E 3C                 1211 	.db #0x3C	; 60
   048F 78                 1212 	.db #0x78	; 120	'x'
   0490 F0                 1213 	.db #0xF0	; 240
   0491 3C                 1214 	.db #0x3C	; 60
   0492 F0                 1215 	.db #0xF0	; 240
   0493 F0                 1216 	.db #0xF0	; 240
   0494 F0                 1217 	.db #0xF0	; 240
   0495 F0                 1218 	.db #0xF0	; 240
   0496 F0                 1219 	.db #0xF0	; 240
   0497 F0                 1220 	.db #0xF0	; 240
   0498 F0                 1221 	.db #0xF0	; 240
   0499 F0                 1222 	.db #0xF0	; 240
   049A F0                 1223 	.db #0xF0	; 240
   049B F0                 1224 	.db #0xF0	; 240
   049C F0                 1225 	.db #0xF0	; 240
   049D F0                 1226 	.db #0xF0	; 240
   049E F0                 1227 	.db #0xF0	; 240
   049F F0                 1228 	.db #0xF0	; 240
   04A0 F0                 1229 	.db #0xF0	; 240
   04A1 F0                 1230 	.db #0xF0	; 240
   04A2 F0                 1231 	.db #0xF0	; 240
   04A3 F0                 1232 	.db #0xF0	; 240
   04A4 78                 1233 	.db #0x78	; 120	'x'
   04A5 F0                 1234 	.db #0xF0	; 240
   04A6 F0                 1235 	.db #0xF0	; 240
   04A7 78                 1236 	.db #0x78	; 120	'x'
   04A8 F0                 1237 	.db #0xF0	; 240
   04A9 F0                 1238 	.db #0xF0	; 240
   04AA 78                 1239 	.db #0x78	; 120	'x'
   04AB F0                 1240 	.db #0xF0	; 240
   04AC F0                 1241 	.db #0xF0	; 240
   04AD F0                 1242 	.db #0xF0	; 240
   04AE F0                 1243 	.db #0xF0	; 240
   04AF 78                 1244 	.db #0x78	; 120	'x'
   04B0 F0                 1245 	.db #0xF0	; 240
   04B1 F0                 1246 	.db #0xF0	; 240
   04B2 78                 1247 	.db #0x78	; 120	'x'
   04B3 F0                 1248 	.db #0xF0	; 240
   04B4 A4                 1249 	.db #0xA4	; 164
   04B5 0C                 1250 	.db #0x0C	; 12
   04B6 F0                 1251 	.db #0xF0	; 240
   04B7 F0                 1252 	.db #0xF0	; 240
   04B8 58                 1253 	.db #0x58	; 88	'X'
   04B9 F0                 1254 	.db #0xF0	; 240
   04BA F0                 1255 	.db #0xF0	; 240
   04BB 58                 1256 	.db #0x58	; 88	'X'
   04BC F0                 1257 	.db #0xF0	; 240
   04BD F0                 1258 	.db #0xF0	; 240
   04BE F0                 1259 	.db #0xF0	; 240
   04BF F0                 1260 	.db #0xF0	; 240
   04C0 F0                 1261 	.db #0xF0	; 240
   04C1 F0                 1262 	.db #0xF0	; 240
   04C2 F0                 1263 	.db #0xF0	; 240
   04C3 F0                 1264 	.db #0xF0	; 240
   04C4 F0                 1265 	.db #0xF0	; 240
   04C5 78                 1266 	.db #0x78	; 120	'x'
   04C6 3C                 1267 	.db #0x3C	; 60
   04C7 F0                 1268 	.db #0xF0	; 240
   04C8 78                 1269 	.db #0x78	; 120	'x'
   04C9 F0                 1270 	.db #0xF0	; 240
   04CA F0                 1271 	.db #0xF0	; 240
   04CB 3C                 1272 	.db #0x3C	; 60
   04CC F0                 1273 	.db #0xF0	; 240
   04CD 78                 1274 	.db #0x78	; 120	'x'
   04CE 3C                 1275 	.db #0x3C	; 60
   04CF F0                 1276 	.db #0xF0	; 240
   04D0 78                 1277 	.db #0x78	; 120	'x'
   04D1 3C                 1278 	.db #0x3C	; 60
   04D2 78                 1279 	.db #0x78	; 120	'x'
   04D3 78                 1280 	.db #0x78	; 120	'x'
   04D4 58                 1281 	.db #0x58	; 88	'X'
   04D5 0C                 1282 	.db #0x0C	; 12
   04D6 58                 1283 	.db #0x58	; 88	'X'
   04D7 58                 1284 	.db #0x58	; 88	'X'
   04D8 0C                 1285 	.db #0x0C	; 12
   04D9 58                 1286 	.db #0x58	; 88	'X'
   04DA 58                 1287 	.db #0x58	; 88	'X'
   04DB A4                 1288 	.db #0xA4	; 164
   04DC 58                 1289 	.db #0x58	; 88	'X'
   04DD 58                 1290 	.db #0x58	; 88	'X'
   04DE F0                 1291 	.db #0xF0	; 240
   04DF 58                 1292 	.db #0x58	; 88	'X'
   04E0 58                 1293 	.db #0x58	; 88	'X'
   04E1 F0                 1294 	.db #0xF0	; 240
   04E2 58                 1295 	.db #0x58	; 88	'X'
   04E3 58                 1296 	.db #0x58	; 88	'X'
   04E4 F0                 1297 	.db #0xF0	; 240
   04E5 58                 1298 	.db #0x58	; 88	'X'
   04E6 00                 1299 	.db 0x00
   04E7 00                 1300 	.db 0x00
   04E8 00                 1301 	.db 0x00
   04E9 00                 1302 	.db 0x00
   04EA 00                 1303 	.db 0x00
   04EB 00                 1304 	.db 0x00
   04EC 00                 1305 	.db 0x00
   04ED 00                 1306 	.db 0x00
   04EE 00                 1307 	.db 0x00
   04EF 00                 1308 	.db 0x00
   04F0 00                 1309 	.db 0x00
   04F1 00                 1310 	.db 0x00
   04F2 00                 1311 	.db 0x00
   04F3 00                 1312 	.db 0x00
   04F4 00                 1313 	.db 0x00
   04F5 00                 1314 	.db 0x00
   04F6 00                 1315 	.db 0x00
   04F7 00                 1316 	.db 0x00
   04F8 00                 1317 	.db 0x00
   04F9 00                 1318 	.db 0x00
   04FA 00                 1319 	.db 0x00
   04FB 00                 1320 	.db 0x00
   04FC 00                 1321 	.db 0x00
   04FD 00                 1322 	.db 0x00
   04FE 00                 1323 	.db 0x00
   04FF 00                 1324 	.db 0x00
   0500 00                 1325 	.db 0x00
   0501 00                 1326 	.db 0x00
   0502 00                 1327 	.db 0x00
   0503 00                 1328 	.db 0x00
   0504 00                 1329 	.db 0x00
   0505 00                 1330 	.db 0x00
   0506 00                 1331 	.db 0x00
                           1332 	.area _INITIALIZER
                           1333 	.area _CABS (ABS)
