                              1 ;--------------------------------------------------------
                              2 ; File Created by SDCC : free open source ANSI-C Compiler
                              3 ; Version 3.5.5 #9498 (Mac OS X x86_64)
                              4 ;--------------------------------------------------------
                              5 	.module numbers_big
                              6 	.optsdcc -mz80
                              7 	
                              8 ;--------------------------------------------------------
                              9 ; Public variables in this module
                             10 ;--------------------------------------------------------
                             11 	.globl _G_numbers_big
                             12 ;--------------------------------------------------------
                             13 ; special function registers
                             14 ;--------------------------------------------------------
                             15 ;--------------------------------------------------------
                             16 ; ram data
                             17 ;--------------------------------------------------------
                             18 	.area _DATA
                             19 ;--------------------------------------------------------
                             20 ; ram data
                             21 ;--------------------------------------------------------
                             22 	.area _INITIALIZED
                             23 ;--------------------------------------------------------
                             24 ; absolute external ram data
                             25 ;--------------------------------------------------------
                             26 	.area _DABS (ABS)
                             27 ;--------------------------------------------------------
                             28 ; global & static initialisations
                             29 ;--------------------------------------------------------
                             30 	.area _HOME
                             31 	.area _GSINIT
                             32 	.area _GSFINAL
                             33 	.area _GSINIT
                             34 ;--------------------------------------------------------
                             35 ; Home
                             36 ;--------------------------------------------------------
                             37 	.area _HOME
                             38 	.area _HOME
                             39 ;--------------------------------------------------------
                             40 ; code
                             41 ;--------------------------------------------------------
                             42 	.area _CODE
                             43 	.area _CODE
   0000                      44 _G_numbers_big:
   0000 E4                   45 	.db #0xE4	; 228
   0001 CC                   46 	.db #0xCC	; 204
   0002 F0                   47 	.db #0xF0	; 240
   0003 CC                   48 	.db #0xCC	; 204
   0004 CC                   49 	.db #0xCC	; 204
   0005 D8                   50 	.db #0xD8	; 216
   0006 D8                   51 	.db #0xD8	; 216
   0007 F0                   52 	.db #0xF0	; 240
   0008 D8                   53 	.db #0xD8	; 216
   0009 D8                   54 	.db #0xD8	; 216
   000A E4                   55 	.db #0xE4	; 228
   000B D8                   56 	.db #0xD8	; 216
   000C D8                   57 	.db #0xD8	; 216
   000D E4                   58 	.db #0xE4	; 228
   000E D8                   59 	.db #0xD8	; 216
   000F D8                   60 	.db #0xD8	; 216
   0010 D8                   61 	.db #0xD8	; 216
   0011 D8                   62 	.db #0xD8	; 216
   0012 D8                   63 	.db #0xD8	; 216
   0013 D8                   64 	.db #0xD8	; 216
   0014 D8                   65 	.db #0xD8	; 216
   0015 CC                   66 	.db #0xCC	; 204
   0016 F0                   67 	.db #0xF0	; 240
   0017 D8                   68 	.db #0xD8	; 216
   0018 CC                   69 	.db #0xCC	; 204
   0019 F0                   70 	.db #0xF0	; 240
   001A D8                   71 	.db #0xD8	; 216
   001B E4                   72 	.db #0xE4	; 228
   001C CC                   73 	.db #0xCC	; 204
   001D F0                   74 	.db #0xF0	; 240
   001E E4                   75 	.db #0xE4	; 228
   001F CC                   76 	.db #0xCC	; 204
   0020 F0                   77 	.db #0xF0	; 240
   0021 F0                   78 	.db #0xF0	; 240
   0022 D8                   79 	.db #0xD8	; 216
   0023 F0                   80 	.db #0xF0	; 240
   0024 E4                   81 	.db #0xE4	; 228
   0025 D8                   82 	.db #0xD8	; 216
   0026 F0                   83 	.db #0xF0	; 240
   0027 D8                   84 	.db #0xD8	; 216
   0028 D8                   85 	.db #0xD8	; 216
   0029 F0                   86 	.db #0xF0	; 240
   002A F0                   87 	.db #0xF0	; 240
   002B D8                   88 	.db #0xD8	; 216
   002C F0                   89 	.db #0xF0	; 240
   002D F0                   90 	.db #0xF0	; 240
   002E D8                   91 	.db #0xD8	; 216
   002F F0                   92 	.db #0xF0	; 240
   0030 F0                   93 	.db #0xF0	; 240
   0031 D8                   94 	.db #0xD8	; 216
   0032 F0                   95 	.db #0xF0	; 240
   0033 F0                   96 	.db #0xF0	; 240
   0034 D8                   97 	.db #0xD8	; 216
   0035 F0                   98 	.db #0xF0	; 240
   0036 F0                   99 	.db #0xF0	; 240
   0037 D8                  100 	.db #0xD8	; 216
   0038 F0                  101 	.db #0xF0	; 240
   0039 F0                  102 	.db #0xF0	; 240
   003A D8                  103 	.db #0xD8	; 216
   003B F0                  104 	.db #0xF0	; 240
   003C CC                  105 	.db #0xCC	; 204
   003D CC                  106 	.db #0xCC	; 204
   003E D8                  107 	.db #0xD8	; 216
   003F CC                  108 	.db #0xCC	; 204
   0040 CC                  109 	.db #0xCC	; 204
   0041 D8                  110 	.db #0xD8	; 216
   0042 E4                  111 	.db #0xE4	; 228
   0043 CC                  112 	.db #0xCC	; 204
   0044 F0                  113 	.db #0xF0	; 240
   0045 CC                  114 	.db #0xCC	; 204
   0046 CC                  115 	.db #0xCC	; 204
   0047 D8                  116 	.db #0xD8	; 216
   0048 D8                  117 	.db #0xD8	; 216
   0049 F0                  118 	.db #0xF0	; 240
   004A D8                  119 	.db #0xD8	; 216
   004B F0                  120 	.db #0xF0	; 240
   004C F0                  121 	.db #0xF0	; 240
   004D D8                  122 	.db #0xD8	; 216
   004E F0                  123 	.db #0xF0	; 240
   004F E4                  124 	.db #0xE4	; 228
   0050 D8                  125 	.db #0xD8	; 216
   0051 F0                  126 	.db #0xF0	; 240
   0052 CC                  127 	.db #0xCC	; 204
   0053 F0                  128 	.db #0xF0	; 240
   0054 E4                  129 	.db #0xE4	; 228
   0055 D8                  130 	.db #0xD8	; 216
   0056 F0                  131 	.db #0xF0	; 240
   0057 CC                  132 	.db #0xCC	; 204
   0058 F0                  133 	.db #0xF0	; 240
   0059 F0                  134 	.db #0xF0	; 240
   005A D8                  135 	.db #0xD8	; 216
   005B F0                  136 	.db #0xF0	; 240
   005C F0                  137 	.db #0xF0	; 240
   005D CC                  138 	.db #0xCC	; 204
   005E CC                  139 	.db #0xCC	; 204
   005F D8                  140 	.db #0xD8	; 216
   0060 CC                  141 	.db #0xCC	; 204
   0061 CC                  142 	.db #0xCC	; 204
   0062 D8                  143 	.db #0xD8	; 216
   0063 E4                  144 	.db #0xE4	; 228
   0064 CC                  145 	.db #0xCC	; 204
   0065 F0                  146 	.db #0xF0	; 240
   0066 CC                  147 	.db #0xCC	; 204
   0067 CC                  148 	.db #0xCC	; 204
   0068 D8                  149 	.db #0xD8	; 216
   0069 D8                  150 	.db #0xD8	; 216
   006A F0                  151 	.db #0xF0	; 240
   006B D8                  152 	.db #0xD8	; 216
   006C F0                  153 	.db #0xF0	; 240
   006D F0                  154 	.db #0xF0	; 240
   006E D8                  155 	.db #0xD8	; 216
   006F F0                  156 	.db #0xF0	; 240
   0070 CC                  157 	.db #0xCC	; 204
   0071 D8                  158 	.db #0xD8	; 216
   0072 F0                  159 	.db #0xF0	; 240
   0073 CC                  160 	.db #0xCC	; 204
   0074 F0                  161 	.db #0xF0	; 240
   0075 F0                  162 	.db #0xF0	; 240
   0076 F0                  163 	.db #0xF0	; 240
   0077 D8                  164 	.db #0xD8	; 216
   0078 D8                  165 	.db #0xD8	; 216
   0079 F0                  166 	.db #0xF0	; 240
   007A D8                  167 	.db #0xD8	; 216
   007B D8                  168 	.db #0xD8	; 216
   007C F0                  169 	.db #0xF0	; 240
   007D D8                  170 	.db #0xD8	; 216
   007E E4                  171 	.db #0xE4	; 228
   007F CC                  172 	.db #0xCC	; 204
   0080 F0                  173 	.db #0xF0	; 240
   0081 E4                  174 	.db #0xE4	; 228
   0082 CC                  175 	.db #0xCC	; 204
   0083 F0                  176 	.db #0xF0	; 240
   0084 F0                  177 	.db #0xF0	; 240
   0085 E4                  178 	.db #0xE4	; 228
   0086 D8                  179 	.db #0xD8	; 216
   0087 F0                  180 	.db #0xF0	; 240
   0088 CC                  181 	.db #0xCC	; 204
   0089 D8                  182 	.db #0xD8	; 216
   008A E4                  183 	.db #0xE4	; 228
   008B D8                  184 	.db #0xD8	; 216
   008C D8                  185 	.db #0xD8	; 216
   008D E4                  186 	.db #0xE4	; 228
   008E F0                  187 	.db #0xF0	; 240
   008F D8                  188 	.db #0xD8	; 216
   0090 D8                  189 	.db #0xD8	; 216
   0091 F0                  190 	.db #0xF0	; 240
   0092 D8                  191 	.db #0xD8	; 216
   0093 D8                  192 	.db #0xD8	; 216
   0094 F0                  193 	.db #0xF0	; 240
   0095 D8                  194 	.db #0xD8	; 216
   0096 CC                  195 	.db #0xCC	; 204
   0097 CC                  196 	.db #0xCC	; 204
   0098 D8                  197 	.db #0xD8	; 216
   0099 CC                  198 	.db #0xCC	; 204
   009A CC                  199 	.db #0xCC	; 204
   009B D8                  200 	.db #0xD8	; 216
   009C F0                  201 	.db #0xF0	; 240
   009D F0                  202 	.db #0xF0	; 240
   009E D8                  203 	.db #0xD8	; 216
   009F F0                  204 	.db #0xF0	; 240
   00A0 F0                  205 	.db #0xF0	; 240
   00A1 D8                  206 	.db #0xD8	; 216
   00A2 F0                  207 	.db #0xF0	; 240
   00A3 F0                  208 	.db #0xF0	; 240
   00A4 D8                  209 	.db #0xD8	; 216
   00A5 CC                  210 	.db #0xCC	; 204
   00A6 CC                  211 	.db #0xCC	; 204
   00A7 D8                  212 	.db #0xD8	; 216
   00A8 CC                  213 	.db #0xCC	; 204
   00A9 CC                  214 	.db #0xCC	; 204
   00AA D8                  215 	.db #0xD8	; 216
   00AB D8                  216 	.db #0xD8	; 216
   00AC F0                  217 	.db #0xF0	; 240
   00AD F0                  218 	.db #0xF0	; 240
   00AE CC                  219 	.db #0xCC	; 204
   00AF CC                  220 	.db #0xCC	; 204
   00B0 F0                  221 	.db #0xF0	; 240
   00B1 CC                  222 	.db #0xCC	; 204
   00B2 CC                  223 	.db #0xCC	; 204
   00B3 D8                  224 	.db #0xD8	; 216
   00B4 F0                  225 	.db #0xF0	; 240
   00B5 F0                  226 	.db #0xF0	; 240
   00B6 D8                  227 	.db #0xD8	; 216
   00B7 F0                  228 	.db #0xF0	; 240
   00B8 F0                  229 	.db #0xF0	; 240
   00B9 D8                  230 	.db #0xD8	; 216
   00BA D8                  231 	.db #0xD8	; 216
   00BB F0                  232 	.db #0xF0	; 240
   00BC D8                  233 	.db #0xD8	; 216
   00BD D8                  234 	.db #0xD8	; 216
   00BE F0                  235 	.db #0xF0	; 240
   00BF D8                  236 	.db #0xD8	; 216
   00C0 E4                  237 	.db #0xE4	; 228
   00C1 CC                  238 	.db #0xCC	; 204
   00C2 F0                  239 	.db #0xF0	; 240
   00C3 E4                  240 	.db #0xE4	; 228
   00C4 CC                  241 	.db #0xCC	; 204
   00C5 F0                  242 	.db #0xF0	; 240
   00C6 E4                  243 	.db #0xE4	; 228
   00C7 CC                  244 	.db #0xCC	; 204
   00C8 D8                  245 	.db #0xD8	; 216
   00C9 CC                  246 	.db #0xCC	; 204
   00CA CC                  247 	.db #0xCC	; 204
   00CB D8                  248 	.db #0xD8	; 216
   00CC D8                  249 	.db #0xD8	; 216
   00CD F0                  250 	.db #0xF0	; 240
   00CE F0                  251 	.db #0xF0	; 240
   00CF D8                  252 	.db #0xD8	; 216
   00D0 F0                  253 	.db #0xF0	; 240
   00D1 F0                  254 	.db #0xF0	; 240
   00D2 CC                  255 	.db #0xCC	; 204
   00D3 CC                  256 	.db #0xCC	; 204
   00D4 F0                  257 	.db #0xF0	; 240
   00D5 CC                  258 	.db #0xCC	; 204
   00D6 CC                  259 	.db #0xCC	; 204
   00D7 F0                  260 	.db #0xF0	; 240
   00D8 D8                  261 	.db #0xD8	; 216
   00D9 F0                  262 	.db #0xF0	; 240
   00DA D8                  263 	.db #0xD8	; 216
   00DB D8                  264 	.db #0xD8	; 216
   00DC F0                  265 	.db #0xF0	; 240
   00DD D8                  266 	.db #0xD8	; 216
   00DE D8                  267 	.db #0xD8	; 216
   00DF F0                  268 	.db #0xF0	; 240
   00E0 D8                  269 	.db #0xD8	; 216
   00E1 E4                  270 	.db #0xE4	; 228
   00E2 CC                  271 	.db #0xCC	; 204
   00E3 F0                  272 	.db #0xF0	; 240
   00E4 E4                  273 	.db #0xE4	; 228
   00E5 CC                  274 	.db #0xCC	; 204
   00E6 F0                  275 	.db #0xF0	; 240
   00E7 CC                  276 	.db #0xCC	; 204
   00E8 CC                  277 	.db #0xCC	; 204
   00E9 D8                  278 	.db #0xD8	; 216
   00EA CC                  279 	.db #0xCC	; 204
   00EB CC                  280 	.db #0xCC	; 204
   00EC D8                  281 	.db #0xD8	; 216
   00ED D8                  282 	.db #0xD8	; 216
   00EE F0                  283 	.db #0xF0	; 240
   00EF D8                  284 	.db #0xD8	; 216
   00F0 F0                  285 	.db #0xF0	; 240
   00F1 F0                  286 	.db #0xF0	; 240
   00F2 D8                  287 	.db #0xD8	; 216
   00F3 F0                  288 	.db #0xF0	; 240
   00F4 E4                  289 	.db #0xE4	; 228
   00F5 D8                  290 	.db #0xD8	; 216
   00F6 F0                  291 	.db #0xF0	; 240
   00F7 E4                  292 	.db #0xE4	; 228
   00F8 F0                  293 	.db #0xF0	; 240
   00F9 F0                  294 	.db #0xF0	; 240
   00FA CC                  295 	.db #0xCC	; 204
   00FB F0                  296 	.db #0xF0	; 240
   00FC E4                  297 	.db #0xE4	; 228
   00FD D8                  298 	.db #0xD8	; 216
   00FE F0                  299 	.db #0xF0	; 240
   00FF E4                  300 	.db #0xE4	; 228
   0100 F0                  301 	.db #0xF0	; 240
   0101 F0                  302 	.db #0xF0	; 240
   0102 E4                  303 	.db #0xE4	; 228
   0103 F0                  304 	.db #0xF0	; 240
   0104 F0                  305 	.db #0xF0	; 240
   0105 E4                  306 	.db #0xE4	; 228
   0106 F0                  307 	.db #0xF0	; 240
   0107 F0                  308 	.db #0xF0	; 240
   0108 E4                  309 	.db #0xE4	; 228
   0109 CC                  310 	.db #0xCC	; 204
   010A F0                  311 	.db #0xF0	; 240
   010B CC                  312 	.db #0xCC	; 204
   010C CC                  313 	.db #0xCC	; 204
   010D D8                  314 	.db #0xD8	; 216
   010E D8                  315 	.db #0xD8	; 216
   010F F0                  316 	.db #0xF0	; 240
   0110 D8                  317 	.db #0xD8	; 216
   0111 D8                  318 	.db #0xD8	; 216
   0112 F0                  319 	.db #0xF0	; 240
   0113 D8                  320 	.db #0xD8	; 216
   0114 CC                  321 	.db #0xCC	; 204
   0115 CC                  322 	.db #0xCC	; 204
   0116 D8                  323 	.db #0xD8	; 216
   0117 E4                  324 	.db #0xE4	; 228
   0118 CC                  325 	.db #0xCC	; 204
   0119 F0                  326 	.db #0xF0	; 240
   011A CC                  327 	.db #0xCC	; 204
   011B CC                  328 	.db #0xCC	; 204
   011C D8                  329 	.db #0xD8	; 216
   011D D8                  330 	.db #0xD8	; 216
   011E F0                  331 	.db #0xF0	; 240
   011F D8                  332 	.db #0xD8	; 216
   0120 D8                  333 	.db #0xD8	; 216
   0121 F0                  334 	.db #0xF0	; 240
   0122 D8                  335 	.db #0xD8	; 216
   0123 E4                  336 	.db #0xE4	; 228
   0124 CC                  337 	.db #0xCC	; 204
   0125 F0                  338 	.db #0xF0	; 240
   0126 E4                  339 	.db #0xE4	; 228
   0127 CC                  340 	.db #0xCC	; 204
   0128 F0                  341 	.db #0xF0	; 240
   0129 E4                  342 	.db #0xE4	; 228
   012A CC                  343 	.db #0xCC	; 204
   012B F0                  344 	.db #0xF0	; 240
   012C CC                  345 	.db #0xCC	; 204
   012D CC                  346 	.db #0xCC	; 204
   012E D8                  347 	.db #0xD8	; 216
   012F D8                  348 	.db #0xD8	; 216
   0130 F0                  349 	.db #0xF0	; 240
   0131 D8                  350 	.db #0xD8	; 216
   0132 D8                  351 	.db #0xD8	; 216
   0133 F0                  352 	.db #0xF0	; 240
   0134 D8                  353 	.db #0xD8	; 216
   0135 CC                  354 	.db #0xCC	; 204
   0136 CC                  355 	.db #0xCC	; 204
   0137 D8                  356 	.db #0xD8	; 216
   0138 E4                  357 	.db #0xE4	; 228
   0139 CC                  358 	.db #0xCC	; 204
   013A D8                  359 	.db #0xD8	; 216
   013B F0                  360 	.db #0xF0	; 240
   013C E4                  361 	.db #0xE4	; 228
   013D D8                  362 	.db #0xD8	; 216
   013E F0                  363 	.db #0xF0	; 240
   013F E4                  364 	.db #0xE4	; 228
   0140 D8                  365 	.db #0xD8	; 216
   0141 F0                  366 	.db #0xF0	; 240
   0142 CC                  367 	.db #0xCC	; 204
   0143 F0                  368 	.db #0xF0	; 240
   0144 E4                  369 	.db #0xE4	; 228
   0145 D8                  370 	.db #0xD8	; 216
   0146 F0                  371 	.db #0xF0	; 240
   0147 E4                  372 	.db #0xE4	; 228
   0148 F0                  373 	.db #0xF0	; 240
   0149 F0                  374 	.db #0xF0	; 240
                            375 	.area _INITIALIZER
                            376 	.area _CABS (ABS)
