                              1 ;--------------------------------------------------------
                              2 ; File Created by SDCC : free open source ANSI-C Compiler
                              3 ; Version 3.5.5 #9498 (Mac OS X x86_64)
                              4 ;--------------------------------------------------------
                              5 	.module sprites
                              6 	.optsdcc -mz80
                              7 	
                              8 ;--------------------------------------------------------
                              9 ; Public variables in this module
                             10 ;--------------------------------------------------------
                             11 	.globl _G_metal
                             12 	.globl _G_bluestar
                             13 	.globl _G_redstar
                             14 	.globl _g_tile_marker_3
                             15 	.globl _g_tile_marker_0
                             16 ;--------------------------------------------------------
                             17 ; special function registers
                             18 ;--------------------------------------------------------
                             19 ;--------------------------------------------------------
                             20 ; ram data
                             21 ;--------------------------------------------------------
                             22 	.area _DATA
                             23 ;--------------------------------------------------------
                             24 ; ram data
                             25 ;--------------------------------------------------------
                             26 	.area _INITIALIZED
                             27 ;--------------------------------------------------------
                             28 ; absolute external ram data
                             29 ;--------------------------------------------------------
                             30 	.area _DABS (ABS)
                             31 ;--------------------------------------------------------
                             32 ; global & static initialisations
                             33 ;--------------------------------------------------------
                             34 	.area _HOME
                             35 	.area _GSINIT
                             36 	.area _GSFINAL
                             37 	.area _GSINIT
                             38 ;--------------------------------------------------------
                             39 ; Home
                             40 ;--------------------------------------------------------
                             41 	.area _HOME
                             42 	.area _HOME
                             43 ;--------------------------------------------------------
                             44 ; code
                             45 ;--------------------------------------------------------
                             46 	.area _CODE
                             47 	.area _CODE
   0000                      48 _g_tile_marker_0:
   0000 1A                   49 	.db #0x1A	; 26
   0001 25                   50 	.db #0x25	; 37
   0002 30                   51 	.db #0x30	; 48	'0'
   0003 30                   52 	.db #0x30	; 48	'0'
   0004 64                   53 	.db #0x64	; 100	'd'
   0005 98                   54 	.db #0x98	; 152
   0006 30                   55 	.db #0x30	; 48	'0'
   0007 98                   56 	.db #0x98	; 152
   0008 64                   57 	.db #0x64	; 100	'd'
   0009 98                   58 	.db #0x98	; 152
   000A 30                   59 	.db #0x30	; 48	'0'
   000B 98                   60 	.db #0x98	; 152
   000C 64                   61 	.db #0x64	; 100	'd'
   000D 98                   62 	.db #0x98	; 152
   000E 30                   63 	.db #0x30	; 48	'0'
   000F 30                   64 	.db #0x30	; 48	'0'
   0010 1A                   65 	.db #0x1A	; 26
   0011 25                   66 	.db #0x25	; 37
   0012                      67 _g_tile_marker_3:
   0012 F0                   68 	.db #0xF0	; 240
   0013 F0                   69 	.db #0xF0	; 240
   0014 F0                   70 	.db #0xF0	; 240
   0015 F0                   71 	.db #0xF0	; 240
   0016 F0                   72 	.db #0xF0	; 240
   0017 F0                   73 	.db #0xF0	; 240
   0018 F0                   74 	.db #0xF0	; 240
   0019 F0                   75 	.db #0xF0	; 240
   001A F0                   76 	.db #0xF0	; 240
   001B F0                   77 	.db #0xF0	; 240
   001C F0                   78 	.db #0xF0	; 240
   001D F0                   79 	.db #0xF0	; 240
   001E F0                   80 	.db #0xF0	; 240
   001F F0                   81 	.db #0xF0	; 240
   0020 F0                   82 	.db #0xF0	; 240
   0021 F0                   83 	.db #0xF0	; 240
   0022 F0                   84 	.db #0xF0	; 240
   0023 F0                   85 	.db #0xF0	; 240
   0024                      86 _G_redstar:
   0024 14                   87 	.db #0x14	; 20
   0025 00                   88 	.db #0x00	; 0
   0026 54                   89 	.db #0x54	; 84	'T'
   0027 00                   90 	.db #0x00	; 0
   0028 01                   91 	.db #0x01	; 1
   0029 00                   92 	.db #0x00	; 0
   002A EC                   93 	.db #0xEC	; 236
   002B A8                   94 	.db #0xA8	; 168
   002C 01                   95 	.db #0x01	; 1
   002D 00                   96 	.db #0x00	; 0
   002E 54                   97 	.db #0x54	; 84	'T'
   002F 00                   98 	.db #0x00	; 0
   0030 14                   99 	.db #0x14	; 20
   0031 00                  100 	.db #0x00	; 0
   0032                     101 _G_bluestar:
   0032 10                  102 	.db #0x10	; 16
   0033 00                  103 	.db #0x00	; 0
   0034 04                  104 	.db #0x04	; 4
   0035 00                  105 	.db #0x00	; 0
   0036 51                  106 	.db #0x51	; 81	'Q'
   0037 00                  107 	.db #0x00	; 0
   0038 48                  108 	.db #0x48	; 72	'H'
   0039 08                  109 	.db #0x08	; 8
   003A 51                  110 	.db #0x51	; 81	'Q'
   003B 00                  111 	.db #0x00	; 0
   003C 04                  112 	.db #0x04	; 4
   003D 00                  113 	.db #0x00	; 0
   003E 10                  114 	.db #0x10	; 16
   003F 00                  115 	.db #0x00	; 0
   0040                     116 _G_metal:
   0040 30                  117 	.db #0x30	; 48	'0'
   0041 30                  118 	.db #0x30	; 48	'0'
   0042 30                  119 	.db #0x30	; 48	'0'
   0043 30                  120 	.db #0x30	; 48	'0'
   0044 30                  121 	.db #0x30	; 48	'0'
   0045 30                  122 	.db #0x30	; 48	'0'
   0046 F0                  123 	.db #0xF0	; 240
   0047 F0                  124 	.db #0xF0	; 240
   0048 F0                  125 	.db #0xF0	; 240
   0049 F0                  126 	.db #0xF0	; 240
   004A F0                  127 	.db #0xF0	; 240
   004B F0                  128 	.db #0xF0	; 240
   004C 00                  129 	.db #0x00	; 0
   004D 00                  130 	.db #0x00	; 0
   004E 70                  131 	.db #0x70	; 112	'p'
   004F A4                  132 	.db #0xA4	; 164
   0050 00                  133 	.db #0x00	; 0
   0051 00                  134 	.db #0x00	; 0
   0052 15                  135 	.db #0x15	; 21
   0053 3A                  136 	.db #0x3A	; 58
   0054 A4                  137 	.db #0xA4	; 164
   0055 78                  138 	.db #0x78	; 120	'x'
   0056 1D                  139 	.db #0x1D	; 29
   0057 2A                  140 	.db #0x2A	; 42
   0058 3F                  141 	.db #0x3F	; 63
   0059 70                  142 	.db #0x70	; 112	'p'
   005A 1D                  143 	.db #0x1D	; 29
   005B 3A                  144 	.db #0x3A	; 58
   005C A4                  145 	.db #0xA4	; 164
   005D 00                  146 	.db #0x00	; 0
   005E 3A                  147 	.db #0x3A	; 58
   005F A4                  148 	.db #0xA4	; 164
   0060 00                  149 	.db #0x00	; 0
   0061 3F                  150 	.db #0x3F	; 63
   0062 70                  151 	.db #0x70	; 112	'p'
   0063 1D                  152 	.db #0x1D	; 29
   0064 78                  153 	.db #0x78	; 120	'x'
   0065 1D                  154 	.db #0x1D	; 29
   0066 2A                  155 	.db #0x2A	; 42
   0067 15                  156 	.db #0x15	; 21
   0068 10                  157 	.db #0x10	; 16
   0069 A4                  158 	.db #0xA4	; 164
   006A 0C                  159 	.db #0x0C	; 12
   006B 3F                  160 	.db #0x3F	; 63
   006C 3F                  161 	.db #0x3F	; 63
   006D 00                  162 	.db #0x00	; 0
   006E 15                  163 	.db #0x15	; 21
   006F 70                  164 	.db #0x70	; 112	'p'
   0070 0C                  165 	.db #0x0C	; 12
   0071 3F                  166 	.db #0x3F	; 63
   0072 3F                  167 	.db #0x3F	; 63
   0073 00                  168 	.db #0x00	; 0
   0074 15                  169 	.db #0x15	; 21
   0075 70                  170 	.db #0x70	; 112	'p'
   0076 78                  171 	.db #0x78	; 120	'x'
   0077 1D                  172 	.db #0x1D	; 29
   0078 2A                  173 	.db #0x2A	; 42
   0079 15                  174 	.db #0x15	; 21
   007A 10                  175 	.db #0x10	; 16
   007B A4                  176 	.db #0xA4	; 164
   007C 3A                  177 	.db #0x3A	; 58
   007D A4                  178 	.db #0xA4	; 164
   007E 00                  179 	.db #0x00	; 0
   007F 3F                  180 	.db #0x3F	; 63
   0080 70                  181 	.db #0x70	; 112	'p'
   0081 1D                  182 	.db #0x1D	; 29
   0082 3F                  183 	.db #0x3F	; 63
   0083 78                  184 	.db #0x78	; 120	'x'
   0084 1D                  185 	.db #0x1D	; 29
   0085 3A                  186 	.db #0x3A	; 58
   0086 A4                  187 	.db #0xA4	; 164
   0087 00                  188 	.db #0x00	; 0
   0088 15                  189 	.db #0x15	; 21
   0089 3A                  190 	.db #0x3A	; 58
   008A A4                  191 	.db #0xA4	; 164
   008B 78                  192 	.db #0x78	; 120	'x'
   008C 1D                  193 	.db #0x1D	; 29
   008D 2A                  194 	.db #0x2A	; 42
   008E F0                  195 	.db #0xF0	; 240
   008F F0                  196 	.db #0xF0	; 240
   0090 F0                  197 	.db #0xF0	; 240
   0091 F0                  198 	.db #0xF0	; 240
   0092 F0                  199 	.db #0xF0	; 240
   0093 F0                  200 	.db #0xF0	; 240
   0094 0C                  201 	.db #0x0C	; 12
   0095 0C                  202 	.db #0x0C	; 12
   0096 0C                  203 	.db #0x0C	; 12
   0097 0C                  204 	.db #0x0C	; 12
   0098 0C                  205 	.db #0x0C	; 12
   0099 0C                  206 	.db #0x0C	; 12
                            207 	.area _INITIALIZER
                            208 	.area _CABS (ABS)
