                              1 ;--------------------------------------------------------
                              2 ; File Created by SDCC : free open source ANSI-C Compiler
                              3 ; Version 3.5.5 #9498 (Mac OS X x86_64)
                              4 ;--------------------------------------------------------
                              5 	.module tilemap
                              6 	.optsdcc -mz80
                              7 	
                              8 ;--------------------------------------------------------
                              9 ; Public variables in this module
                             10 ;--------------------------------------------------------
                             11 	.globl _G_frame_7
                             12 	.globl _G_frame_6
                             13 	.globl _G_frame_5
                             14 	.globl _G_frame_4
                             15 	.globl _G_frame_3
                             16 	.globl _G_frame_2
                             17 	.globl _G_frame_1
                             18 ;--------------------------------------------------------
                             19 ; special function registers
                             20 ;--------------------------------------------------------
                             21 ;--------------------------------------------------------
                             22 ; ram data
                             23 ;--------------------------------------------------------
                             24 	.area _DATA
                             25 ;--------------------------------------------------------
                             26 ; ram data
                             27 ;--------------------------------------------------------
                             28 	.area _INITIALIZED
                             29 ;--------------------------------------------------------
                             30 ; absolute external ram data
                             31 ;--------------------------------------------------------
                             32 	.area _DABS (ABS)
                             33 ;--------------------------------------------------------
                             34 ; global & static initialisations
                             35 ;--------------------------------------------------------
                             36 	.area _HOME
                             37 	.area _GSINIT
                             38 	.area _GSFINAL
                             39 	.area _GSINIT
                             40 ;--------------------------------------------------------
                             41 ; Home
                             42 ;--------------------------------------------------------
                             43 	.area _HOME
                             44 	.area _HOME
                             45 ;--------------------------------------------------------
                             46 ; code
                             47 ;--------------------------------------------------------
                             48 	.area _CODE
                             49 	.area _CODE
   0000                      50 _G_frame_1:
   0000 00                   51 	.db #0x00	; 0
   0001 30                   52 	.db #0x30	; 48	'0'
   0002 10                   53 	.db #0x10	; 16
   0003 F0                   54 	.db #0xF0	; 240
   0004 70                   55 	.db #0x70	; 112	'p'
   0005 F0                   56 	.db #0xF0	; 240
   0006 70                   57 	.db #0x70	; 112	'p'
   0007 30                   58 	.db #0x30	; 48	'0'
   0008                      59 _G_frame_2:
   0008 30                   60 	.db #0x30	; 48	'0'
   0009 00                   61 	.db #0x00	; 0
   000A F0                   62 	.db #0xF0	; 240
   000B 20                   63 	.db #0x20	; 32
   000C F0                   64 	.db #0xF0	; 240
   000D B0                   65 	.db #0xB0	; 176
   000E 30                   66 	.db #0x30	; 48	'0'
   000F B0                   67 	.db #0xB0	; 176
   0010                      68 _G_frame_3:
   0010 70                   69 	.db #0x70	; 112	'p'
   0011 30                   70 	.db #0x30	; 48	'0'
   0012 70                   71 	.db #0x70	; 112	'p'
   0013 F0                   72 	.db #0xF0	; 240
   0014 10                   73 	.db #0x10	; 16
   0015 F0                   74 	.db #0xF0	; 240
   0016 00                   75 	.db #0x00	; 0
   0017 30                   76 	.db #0x30	; 48	'0'
   0018                      77 _G_frame_4:
   0018 30                   78 	.db #0x30	; 48	'0'
   0019 B0                   79 	.db #0xB0	; 176
   001A F0                   80 	.db #0xF0	; 240
   001B B0                   81 	.db #0xB0	; 176
   001C F0                   82 	.db #0xF0	; 240
   001D 20                   83 	.db #0x20	; 32
   001E 30                   84 	.db #0x30	; 48	'0'
   001F 00                   85 	.db #0x00	; 0
   0020                      86 _G_frame_5:
   0020 30                   87 	.db #0x30	; 48	'0'
   0021 30                   88 	.db #0x30	; 48	'0'
   0022 F0                   89 	.db #0xF0	; 240
   0023 F0                   90 	.db #0xF0	; 240
   0024 F0                   91 	.db #0xF0	; 240
   0025 F0                   92 	.db #0xF0	; 240
   0026 30                   93 	.db #0x30	; 48	'0'
   0027 30                   94 	.db #0x30	; 48	'0'
   0028                      95 _G_frame_6:
   0028 70                   96 	.db #0x70	; 112	'p'
   0029 00                   97 	.db #0x00	; 0
   002A 70                   98 	.db #0x70	; 112	'p'
   002B 00                   99 	.db #0x00	; 0
   002C 70                  100 	.db #0x70	; 112	'p'
   002D 00                  101 	.db #0x00	; 0
   002E 70                  102 	.db #0x70	; 112	'p'
   002F 00                  103 	.db #0x00	; 0
   0030                     104 _G_frame_7:
   0030 00                  105 	.db #0x00	; 0
   0031 B0                  106 	.db #0xB0	; 176
   0032 00                  107 	.db #0x00	; 0
   0033 B0                  108 	.db #0xB0	; 176
   0034 00                  109 	.db #0x00	; 0
   0035 B0                  110 	.db #0xB0	; 176
   0036 00                  111 	.db #0x00	; 0
   0037 B0                  112 	.db #0xB0	; 176
                            113 	.area _INITIALIZER
                            114 	.area _CABS (ABS)
